[0.159s] Invoking command in '/home/wzb/ros2ws/moveit_ws/build/moveit_resources_prbt_support': CMAKE_PREFIX_PATH=${CMAKE_PREFIX_PATH}:/home/wzb/ros2ws/moveit_ws/install/moveit_configs_utils:/home/wzb/ros2ws/my_piper_ros/install/piper:/opt/ros/humble /usr/bin/cmake --build /home/wzb/ros2ws/moveit_ws/build/moveit_resources_prbt_support -- -j20 -l20
[0.222s] Invoked command in '/home/wzb/ros2ws/moveit_ws/build/moveit_resources_prbt_support' returned '0': CMAKE_PREFIX_PATH=${CMAKE_PREFIX_PATH}:/home/wzb/ros2ws/moveit_ws/install/moveit_configs_utils:/home/wzb/ros2ws/my_piper_ros/install/piper:/opt/ros/humble /usr/bin/cmake --build /home/wzb/ros2ws/moveit_ws/build/moveit_resources_prbt_support -- -j20 -l20
[0.223s] Invoking command in '/home/wzb/ros2ws/moveit_ws/build/moveit_resources_prbt_support': CMAKE_PREFIX_PATH=${CMAKE_PREFIX_PATH}:/home/wzb/ros2ws/moveit_ws/install/moveit_configs_utils:/home/wzb/ros2ws/my_piper_ros/install/piper:/opt/ros/humble /usr/bin/cmake --install /home/wzb/ros2ws/moveit_ws/build/moveit_resources_prbt_support
[0.229s] -- Install configuration: "Release"
[0.230s] -- Up-to-date: /home/wzb/ros2ws/moveit_ws/install/moveit_resources_prbt_support/share/ament_index/resource_index/package_run_dependencies/moveit_resources_prbt_support
[0.230s] -- Up-to-date: /home/wzb/ros2ws/moveit_ws/install/moveit_resources_prbt_support/share/ament_index/resource_index/parent_prefix_path/moveit_resources_prbt_support
[0.230s] -- Up-to-date: /home/wzb/ros2ws/moveit_ws/install/moveit_resources_prbt_support/share/moveit_resources_prbt_support/environment/ament_prefix_path.sh
[0.230s] -- Up-to-date: /home/wzb/ros2ws/moveit_ws/install/moveit_resources_prbt_support/share/moveit_resources_prbt_support/environment/ament_prefix_path.dsv
[0.230s] -- Up-to-date: /home/wzb/ros2ws/moveit_ws/install/moveit_resources_prbt_support/share/moveit_resources_prbt_support/environment/path.sh
[0.230s] -- Up-to-date: /home/wzb/ros2ws/moveit_ws/install/moveit_resources_prbt_support/share/moveit_resources_prbt_support/environment/path.dsv
[0.231s] -- Up-to-date: /home/wzb/ros2ws/moveit_ws/install/moveit_resources_prbt_support/share/moveit_resources_prbt_support/local_setup.bash
[0.231s] -- Up-to-date: /home/wzb/ros2ws/moveit_ws/install/moveit_resources_prbt_support/share/moveit_resources_prbt_support/local_setup.sh
[0.231s] -- Up-to-date: /home/wzb/ros2ws/moveit_ws/install/moveit_resources_prbt_support/share/moveit_resources_prbt_support/local_setup.zsh
[0.231s] -- Up-to-date: /home/wzb/ros2ws/moveit_ws/install/moveit_resources_prbt_support/share/moveit_resources_prbt_support/local_setup.dsv
[0.231s] -- Installing: /home/wzb/ros2ws/moveit_ws/install/moveit_resources_prbt_support/share/moveit_resources_prbt_support/package.dsv
[0.231s] -- Up-to-date: /home/wzb/ros2ws/moveit_ws/install/moveit_resources_prbt_support/share/ament_index/resource_index/packages/moveit_resources_prbt_support
[0.231s] -- Up-to-date: /home/wzb/ros2ws/moveit_ws/install/moveit_resources_prbt_support/share/moveit_resources_prbt_support/cmake/moveit_resources_prbt_supportConfig.cmake
[0.231s] -- Up-to-date: /home/wzb/ros2ws/moveit_ws/install/moveit_resources_prbt_support/share/moveit_resources_prbt_support/cmake/moveit_resources_prbt_supportConfig-version.cmake
[0.231s] -- Up-to-date: /home/wzb/ros2ws/moveit_ws/install/moveit_resources_prbt_support/share/moveit_resources_prbt_support/package.xml
[0.231s] -- Up-to-date: /home/wzb/ros2ws/moveit_ws/install/moveit_resources_prbt_support/share/moveit_resources_prbt_support/urdf
[0.232s] -- Up-to-date: /home/wzb/ros2ws/moveit_ws/install/moveit_resources_prbt_support/share/moveit_resources_prbt_support/urdf/prbt.ros2_control.xacro
[0.232s] -- Up-to-date: /home/wzb/ros2ws/moveit_ws/install/moveit_resources_prbt_support/share/moveit_resources_prbt_support/urdf/simple_gripper_brackets.urdf.xacro
[0.232s] -- Up-to-date: /home/wzb/ros2ws/moveit_ws/install/moveit_resources_prbt_support/share/moveit_resources_prbt_support/urdf/prbt_macro.xacro
[0.232s] -- Up-to-date: /home/wzb/ros2ws/moveit_ws/install/moveit_resources_prbt_support/share/moveit_resources_prbt_support/urdf/prbt.xacro
[0.232s] -- Up-to-date: /home/wzb/ros2ws/moveit_ws/install/moveit_resources_prbt_support/share/moveit_resources_prbt_support/meshes
[0.232s] -- Up-to-date: /home/wzb/ros2ws/moveit_ws/install/moveit_resources_prbt_support/share/moveit_resources_prbt_support/meshes/link_4.dae
[0.232s] -- Up-to-date: /home/wzb/ros2ws/moveit_ws/install/moveit_resources_prbt_support/share/moveit_resources_prbt_support/meshes/flange.dae
[0.232s] -- Up-to-date: /home/wzb/ros2ws/moveit_ws/install/moveit_resources_prbt_support/share/moveit_resources_prbt_support/meshes/link_5.dae
[0.232s] -- Up-to-date: /home/wzb/ros2ws/moveit_ws/install/moveit_resources_prbt_support/share/moveit_resources_prbt_support/meshes/link_1.stl
[0.232s] -- Up-to-date: /home/wzb/ros2ws/moveit_ws/install/moveit_resources_prbt_support/share/moveit_resources_prbt_support/meshes/link_2.dae
[0.232s] -- Up-to-date: /home/wzb/ros2ws/moveit_ws/install/moveit_resources_prbt_support/share/moveit_resources_prbt_support/meshes/link_1.dae
[0.233s] -- Up-to-date: /home/wzb/ros2ws/moveit_ws/install/moveit_resources_prbt_support/share/moveit_resources_prbt_support/meshes/flange.stl
[0.233s] -- Up-to-date: /home/wzb/ros2ws/moveit_ws/install/moveit_resources_prbt_support/share/moveit_resources_prbt_support/meshes/link_4.stl
[0.233s] -- Up-to-date: /home/wzb/ros2ws/moveit_ws/install/moveit_resources_prbt_support/share/moveit_resources_prbt_support/meshes/link_5.stl
[0.233s] -- Up-to-date: /home/wzb/ros2ws/moveit_ws/install/moveit_resources_prbt_support/share/moveit_resources_prbt_support/meshes/link_2.stl
[0.233s] -- Up-to-date: /home/wzb/ros2ws/moveit_ws/install/moveit_resources_prbt_support/share/moveit_resources_prbt_support/meshes/link_3.dae
[0.233s] -- Up-to-date: /home/wzb/ros2ws/moveit_ws/install/moveit_resources_prbt_support/share/moveit_resources_prbt_support/meshes/link_3.stl
[0.233s] -- Up-to-date: /home/wzb/ros2ws/moveit_ws/install/moveit_resources_prbt_support/share/moveit_resources_prbt_support/meshes/foot.dae
[0.233s] -- Up-to-date: /home/wzb/ros2ws/moveit_ws/install/moveit_resources_prbt_support/share/moveit_resources_prbt_support/meshes/foot.stl
[0.233s] -- Up-to-date: /home/wzb/ros2ws/moveit_ws/install/moveit_resources_prbt_support/share/moveit_resources_prbt_support/config
[0.233s] -- Up-to-date: /home/wzb/ros2ws/moveit_ws/install/moveit_resources_prbt_support/share/moveit_resources_prbt_support/config/prbt_0_1.dcf
[0.233s] -- Up-to-date: /home/wzb/ros2ws/moveit_ws/install/moveit_resources_prbt_support/share/moveit_resources_prbt_support/config/manipulator_driver.yaml
[0.234s] -- Up-to-date: /home/wzb/ros2ws/moveit_ws/install/moveit_resources_prbt_support/share/moveit_resources_prbt_support/config/manipulator_controller.yaml
[0.235s] Invoked command in '/home/wzb/ros2ws/moveit_ws/build/moveit_resources_prbt_support' returned '0': CMAKE_PREFIX_PATH=${CMAKE_PREFIX_PATH}:/home/wzb/ros2ws/moveit_ws/install/moveit_configs_utils:/home/wzb/ros2ws/my_piper_ros/install/piper:/opt/ros/humble /usr/bin/cmake --install /home/wzb/ros2ws/moveit_ws/build/moveit_resources_prbt_support
