[0.384s] Invoking command in '/home/wzb/ros2ws/moveit_ws/src/moveit2/moveit_configs_utils': PYTHONPATH=/home/wzb/ros2ws/moveit_ws/build/moveit_configs_utils/prefix_override:/usr/lib/python3/dist-packages/colcon_core/task/python/colcon_distutils_commands:/home/wzb/ros2ws/moveit_ws/install/moveit_configs_utils/lib/python3.10/site-packages:${PYTHONPATH} /usr/bin/python3 -W ignore:setup.py install is deprecated -W ignore:easy_install command is deprecated setup.py egg_info --egg-base ../../../build/moveit_configs_utils build --build-base /home/wzb/ros2ws/moveit_ws/build/moveit_configs_utils/build install --record /home/wzb/ros2ws/moveit_ws/build/moveit_configs_utils/install.log --single-version-externally-managed install_data
[0.512s] running egg_info
[0.512s] writing ../../../build/moveit_configs_utils/moveit_configs_utils.egg-info/PKG-INFO
[0.512s] writing dependency_links to ../../../build/moveit_configs_utils/moveit_configs_utils.egg-info/dependency_links.txt
[0.512s] writing entry points to ../../../build/moveit_configs_utils/moveit_configs_utils.egg-info/entry_points.txt
[0.512s] writing requirements to ../../../build/moveit_configs_utils/moveit_configs_utils.egg-info/requires.txt
[0.512s] writing top-level names to ../../../build/moveit_configs_utils/moveit_configs_utils.egg-info/top_level.txt
[0.514s] reading manifest file '../../../build/moveit_configs_utils/moveit_configs_utils.egg-info/SOURCES.txt'
[0.514s] writing manifest file '../../../build/moveit_configs_utils/moveit_configs_utils.egg-info/SOURCES.txt'
[0.514s] running build
[0.514s] running build_py
[0.514s] running install
[0.515s] running install_lib
[0.515s] running install_data
[0.515s] running install_egg_info
[0.517s] removing '/home/wzb/ros2ws/moveit_ws/install/moveit_configs_utils/lib/python3.10/site-packages/moveit_configs_utils-2.14.1-py3.10.egg-info' (and everything under it)
[0.517s] Copying ../../../build/moveit_configs_utils/moveit_configs_utils.egg-info to /home/wzb/ros2ws/moveit_ws/install/moveit_configs_utils/lib/python3.10/site-packages/moveit_configs_utils-2.14.1-py3.10.egg-info
[0.517s] running install_scripts
[0.529s] writing list of installed files to '/home/wzb/ros2ws/moveit_ws/build/moveit_configs_utils/install.log'
[0.544s] Invoked command in '/home/wzb/ros2ws/moveit_ws/src/moveit2/moveit_configs_utils' returned '0': PYTHONPATH=/home/wzb/ros2ws/moveit_ws/build/moveit_configs_utils/prefix_override:/usr/lib/python3/dist-packages/colcon_core/task/python/colcon_distutils_commands:/home/wzb/ros2ws/moveit_ws/install/moveit_configs_utils/lib/python3.10/site-packages:${PYTHONPATH} /usr/bin/python3 -W ignore:setup.py install is deprecated -W ignore:easy_install command is deprecated setup.py egg_info --egg-base ../../../build/moveit_configs_utils build --build-base /home/wzb/ros2ws/moveit_ws/build/moveit_configs_utils/build install --record /home/wzb/ros2ws/moveit_ws/build/moveit_configs_utils/install.log --single-version-externally-managed install_data
