[0.010s] Invoking command in '/home/wzb/ros2ws/orbbec_ws/build/orbbec_camera': CMAKE_PREFIX_PATH=/home/wzb/ros2ws/orbbec_ws/install/orbbec_camera_msgs:/home/wzb/ros2ws/coffee_ws/install/coffee_detect:/home/wzb/ros2ws/moveit_ws/install/pilz_industrial_motion_planner_testutils:/home/wzb/ros2ws/moveit_ws/install/moveit_runtime:/home/wzb/ros2ws/moveit_ws/install/moveit:/home/wzb/ros2ws/moveit_ws/install/moveit_planners:/home/wzb/ros2ws/moveit_ws/install/pilz_industrial_motion_planner:/home/wzb/ros2ws/moveit_ws/install/moveit_ros_control_interface:/home/wzb/ros2ws/moveit_ws/install/moveit_plugins:/home/wzb/ros2ws/moveit_ws/install/moveit_simple_controller_manager:/home/wzb/ros2ws/moveit_ws/install/moveit_setup_assistant:/home/wzb/ros2ws/moveit_ws/install/moveit_setup_srdf_plugins:/home/wzb/ros2ws/moveit_ws/install/moveit_setup_core_plugins:/home/wzb/ros2ws/moveit_ws/install/moveit_setup_controllers:/home/wzb/ros2ws/moveit_ws/install/moveit_setup_app_plugins:/home/wzb/ros2ws/moveit_ws/install/moveit_setup_framework:/home/wzb/ros2ws/moveit_ws/install/moveit_servo:/home/wzb/ros2ws/moveit_ws/install/moveit_ros_trajectory_cache:/home/wzb/ros2ws/moveit_ws/install/moveit_ros:/home/wzb/ros2ws/moveit_ws/install/moveit_ros_visualization:/home/wzb/ros2ws/moveit_ws/install/moveit_py:/home/wzb/ros2ws/moveit_ws/install/moveit_hybrid_planning:/home/wzb/ros2ws/moveit_ws/install/moveit_ros_planning_interface:/home/wzb/ros2ws/moveit_ws/install/moveit_ros_benchmarks:/home/wzb/ros2ws/moveit_ws/install/moveit_ros_warehouse:/home/wzb/ros2ws/moveit_ws/install/moveit_ros_robot_interaction:/home/wzb/ros2ws/moveit_ws/install/moveit_ros_perception:/home/wzb/ros2ws/moveit_ws/install/moveit_resources_prbt_pg70_support:/home/wzb/ros2ws/moveit_ws/install/moveit_resources_prbt_moveit_config:/home/wzb/ros2ws/moveit_ws/install/moveit_ros_move_group:/home/wzb/ros2ws/moveit_ws/install/moveit_planners_ompl:/home/wzb/ros2ws/moveit_ws/install/moveit_kinematics:/home/wzb/ros2ws/moveit_ws/install/moveit_ros_planning:/home/wzb/ros2ws/moveit_ws/install/moveit_ros_occupancy_map_monitor:/home/wzb/ros2ws/moveit_ws/install/moveit_resources_prbt_support:/home/wzb/ros2ws/moveit_ws/install/moveit_resources_prbt_ikfast_manipulator_plugin:/home/wzb/ros2ws/moveit_ws/install/moveit_resources:/home/wzb/ros2ws/moveit_ws/install/moveit_resources_pr2_description:/home/wzb/ros2ws/moveit_ws/install/moveit_resources_panda_moveit_config:/home/wzb/ros2ws/moveit_ws/install/dual_arm_panda_moveit_config:/home/wzb/ros2ws/moveit_ws/install/moveit_resources_panda_description:/home/wzb/ros2ws/moveit_ws/install/moveit_resources_fanuc_moveit_config:/home/wzb/ros2ws/moveit_ws/install/moveit_resources_fanuc_description:/home/wzb/ros2ws/moveit_ws/install/moveit_planners_stomp:/home/wzb/ros2ws/moveit_ws/install/moveit_planners_chomp:/home/wzb/ros2ws/moveit_ws/install/chomp_motion_planner:/home/wzb/ros2ws/moveit_ws/install/moveit_core:/home/wzb/ros2ws/moveit_ws/install/moveit_msgs:/home/wzb/ros2ws/moveit_ws/install/moveit_common:/home/wzb/ros2ws/trac_ws/install/trac_ik:/home/wzb/ros2ws/trac_ws/install/trac_ik_kinematics:/home/wzb/ros2ws/trac_ws/install/trac_ik_examples:/home/wzb/ros2ws/trac_ws/install/trac_ik_lib:/home/wzb/ros2ws/orbbec_ws/install/orbbec_description:/home/wzb/ros2ws/orbbec_ws/install/orbbec_camera:/home/wzb/ros2ws/my_piper_ros/install/piper_with_gripper_moveit:/home/wzb/ros2ws/my_piper_ros/install/piper_no_gripper_moveit:/home/wzb/ros2ws/my_piper_ros/install/piper_mujoco:/home/wzb/ros2ws/my_piper_ros/install/piper_msgs:/home/wzb/ros2ws/my_piper_ros/install/piper_humble:/home/wzb/ros2ws/my_piper_ros/install/piper_gazebo:/home/wzb/ros2ws/my_piper_ros/install/piper_description:/home/wzb/ros2ws/moveit_ws/install/moveit_configs_utils:/home/wzb/ros2ws/my_piper_ros/install/piper:/opt/ros/humble LD_LIBRARY_PATH=/home/wzb/ros2ws/orbbec_ws/install/orbbec_camera_msgs/lib:/home/wzb/ros2ws/moveit_ws/install/pilz_industrial_motion_planner_testutils/lib:/home/wzb/ros2ws/moveit_ws/install/pilz_industrial_motion_planner/lib:/home/wzb/ros2ws/moveit_ws/install/moveit_ros_control_interface/lib:/home/wzb/ros2ws/moveit_ws/install/moveit_simple_controller_manager/lib:/home/wzb/ros2ws/moveit_ws/install/moveit_setup_assistant/lib:/home/wzb/ros2ws/moveit_ws/install/moveit_setup_srdf_plugins/lib:/home/wzb/ros2ws/moveit_ws/install/moveit_setup_core_plugins/lib:/home/wzb/ros2ws/moveit_ws/install/moveit_setup_controllers/lib:/home/wzb/ros2ws/moveit_ws/install/moveit_setup_app_plugins/lib:/home/wzb/ros2ws/moveit_ws/install/moveit_setup_framework/lib:/home/wzb/ros2ws/moveit_ws/install/moveit_servo/lib:/home/wzb/ros2ws/moveit_ws/install/moveit_ros_trajectory_cache/lib:/home/wzb/ros2ws/moveit_ws/install/moveit_ros_visualization/lib:/home/wzb/ros2ws/moveit_ws/install/moveit_py/lib:/home/wzb/ros2ws/moveit_ws/install/moveit_hybrid_planning/lib:/home/wzb/ros2ws/moveit_ws/install/moveit_ros_planning_interface/lib:/home/wzb/ros2ws/moveit_ws/install/moveit_ros_benchmarks/lib:/home/wzb/ros2ws/moveit_ws/install/moveit_ros_warehouse/lib:/home/wzb/ros2ws/moveit_ws/install/moveit_ros_robot_interaction/lib:/home/wzb/ros2ws/moveit_ws/install/moveit_ros_perception/lib:/home/wzb/ros2ws/moveit_ws/install/moveit_ros_move_group/lib:/home/wzb/ros2ws/moveit_ws/install/moveit_planners_ompl/lib:/home/wzb/ros2ws/moveit_ws/install/moveit_kinematics/lib:/home/wzb/ros2ws/moveit_ws/install/moveit_ros_planning/lib:/home/wzb/ros2ws/moveit_ws/install/moveit_ros_occupancy_map_monitor/lib:/home/wzb/ros2ws/moveit_ws/install/moveit_resources_prbt_ikfast_manipulator_plugin/lib:/home/wzb/ros2ws/moveit_ws/install/moveit_planners_stomp/lib:/home/wzb/ros2ws/moveit_ws/install/moveit_planners_chomp/lib:/home/wzb/ros2ws/moveit_ws/install/chomp_motion_planner/lib:/home/wzb/ros2ws/moveit_ws/install/moveit_core/lib:/home/wzb/ros2ws/moveit_ws/install/moveit_msgs/lib:/home/wzb/ros2ws/trac_ws/install/trac_ik_kinematics/lib:/home/wzb/ros2ws/trac_ws/install/trac_ik_lib/lib:/home/wzb/ros2ws/orbbec_ws/install/orbbec_camera/lib:/home/wzb/ros2ws/my_piper_ros/install/piper_msgs/lib:/opt/ros/humble/opt/rviz_ogre_vendor/lib:/opt/ros/humble/lib/x86_64-linux-gnu:/opt/ros/humble/lib /usr/bin/cmake --build /home/wzb/ros2ws/orbbec_ws/build/orbbec_camera -- -j20 -l20
[0.053s] [35m[1mConsolidate compiler generated dependencies of target frame_latency[0m
[0.063s] [35m[1mConsolidate compiler generated dependencies of target orbbec_camera[0m
[0.064s] [ 12%] Built target frame_latency_node
[0.064s] [ 16%] Built target orbbec_camera_node
[0.068s] [ 24%] Built target frame_latency
[0.095s] [ 68%] Built target orbbec_camera
[0.106s] [35m[1mConsolidate compiler generated dependencies of target list_depth_work_mode_node[0m
[0.106s] [35m[1mConsolidate compiler generated dependencies of target list_camera_profile_mode_node[0m
[0.107s] [35m[1mConsolidate compiler generated dependencies of target list_devices_node[0m
[0.108s] [35m[1mConsolidate compiler generated dependencies of target topic_statistics_node[0m
[0.120s] [ 76%] Built target topic_statistics_node
[0.120s] [ 92%] Built target list_depth_work_mode_node
[0.120s] [ 92%] Built target list_camera_profile_mode_node
[0.122s] [100%] Built target list_devices_node
[0.130s] Invoked command in '/home/wzb/ros2ws/orbbec_ws/build/orbbec_camera' returned '0': CMAKE_PREFIX_PATH=/home/wzb/ros2ws/orbbec_ws/install/orbbec_camera_msgs:/home/wzb/ros2ws/coffee_ws/install/coffee_detect:/home/wzb/ros2ws/moveit_ws/install/pilz_industrial_motion_planner_testutils:/home/wzb/ros2ws/moveit_ws/install/moveit_runtime:/home/wzb/ros2ws/moveit_ws/install/moveit:/home/wzb/ros2ws/moveit_ws/install/moveit_planners:/home/wzb/ros2ws/moveit_ws/install/pilz_industrial_motion_planner:/home/wzb/ros2ws/moveit_ws/install/moveit_ros_control_interface:/home/wzb/ros2ws/moveit_ws/install/moveit_plugins:/home/wzb/ros2ws/moveit_ws/install/moveit_simple_controller_manager:/home/wzb/ros2ws/moveit_ws/install/moveit_setup_assistant:/home/wzb/ros2ws/moveit_ws/install/moveit_setup_srdf_plugins:/home/wzb/ros2ws/moveit_ws/install/moveit_setup_core_plugins:/home/wzb/ros2ws/moveit_ws/install/moveit_setup_controllers:/home/wzb/ros2ws/moveit_ws/install/moveit_setup_app_plugins:/home/wzb/ros2ws/moveit_ws/install/moveit_setup_framework:/home/wzb/ros2ws/moveit_ws/install/moveit_servo:/home/wzb/ros2ws/moveit_ws/install/moveit_ros_trajectory_cache:/home/wzb/ros2ws/moveit_ws/install/moveit_ros:/home/wzb/ros2ws/moveit_ws/install/moveit_ros_visualization:/home/wzb/ros2ws/moveit_ws/install/moveit_py:/home/wzb/ros2ws/moveit_ws/install/moveit_hybrid_planning:/home/wzb/ros2ws/moveit_ws/install/moveit_ros_planning_interface:/home/wzb/ros2ws/moveit_ws/install/moveit_ros_benchmarks:/home/wzb/ros2ws/moveit_ws/install/moveit_ros_warehouse:/home/wzb/ros2ws/moveit_ws/install/moveit_ros_robot_interaction:/home/wzb/ros2ws/moveit_ws/install/moveit_ros_perception:/home/wzb/ros2ws/moveit_ws/install/moveit_resources_prbt_pg70_support:/home/wzb/ros2ws/moveit_ws/install/moveit_resources_prbt_moveit_config:/home/wzb/ros2ws/moveit_ws/install/moveit_ros_move_group:/home/wzb/ros2ws/moveit_ws/install/moveit_planners_ompl:/home/wzb/ros2ws/moveit_ws/install/moveit_kinematics:/home/wzb/ros2ws/moveit_ws/install/moveit_ros_planning:/home/wzb/ros2ws/moveit_ws/install/moveit_ros_occupancy_map_monitor:/home/wzb/ros2ws/moveit_ws/install/moveit_resources_prbt_support:/home/wzb/ros2ws/moveit_ws/install/moveit_resources_prbt_ikfast_manipulator_plugin:/home/wzb/ros2ws/moveit_ws/install/moveit_resources:/home/wzb/ros2ws/moveit_ws/install/moveit_resources_pr2_description:/home/wzb/ros2ws/moveit_ws/install/moveit_resources_panda_moveit_config:/home/wzb/ros2ws/moveit_ws/install/dual_arm_panda_moveit_config:/home/wzb/ros2ws/moveit_ws/install/moveit_resources_panda_description:/home/wzb/ros2ws/moveit_ws/install/moveit_resources_fanuc_moveit_config:/home/wzb/ros2ws/moveit_ws/install/moveit_resources_fanuc_description:/home/wzb/ros2ws/moveit_ws/install/moveit_planners_stomp:/home/wzb/ros2ws/moveit_ws/install/moveit_planners_chomp:/home/wzb/ros2ws/moveit_ws/install/chomp_motion_planner:/home/wzb/ros2ws/moveit_ws/install/moveit_core:/home/wzb/ros2ws/moveit_ws/install/moveit_msgs:/home/wzb/ros2ws/moveit_ws/install/moveit_common:/home/wzb/ros2ws/trac_ws/install/trac_ik:/home/wzb/ros2ws/trac_ws/install/trac_ik_kinematics:/home/wzb/ros2ws/trac_ws/install/trac_ik_examples:/home/wzb/ros2ws/trac_ws/install/trac_ik_lib:/home/wzb/ros2ws/orbbec_ws/install/orbbec_description:/home/wzb/ros2ws/orbbec_ws/install/orbbec_camera:/home/wzb/ros2ws/my_piper_ros/install/piper_with_gripper_moveit:/home/wzb/ros2ws/my_piper_ros/install/piper_no_gripper_moveit:/home/wzb/ros2ws/my_piper_ros/install/piper_mujoco:/home/wzb/ros2ws/my_piper_ros/install/piper_msgs:/home/wzb/ros2ws/my_piper_ros/install/piper_humble:/home/wzb/ros2ws/my_piper_ros/install/piper_gazebo:/home/wzb/ros2ws/my_piper_ros/install/piper_description:/home/wzb/ros2ws/moveit_ws/install/moveit_configs_utils:/home/wzb/ros2ws/my_piper_ros/install/piper:/opt/ros/humble LD_LIBRARY_PATH=/home/wzb/ros2ws/orbbec_ws/install/orbbec_camera_msgs/lib:/home/wzb/ros2ws/moveit_ws/install/pilz_industrial_motion_planner_testutils/lib:/home/wzb/ros2ws/moveit_ws/install/pilz_industrial_motion_planner/lib:/home/wzb/ros2ws/moveit_ws/install/moveit_ros_control_interface/lib:/home/wzb/ros2ws/moveit_ws/install/moveit_simple_controller_manager/lib:/home/wzb/ros2ws/moveit_ws/install/moveit_setup_assistant/lib:/home/wzb/ros2ws/moveit_ws/install/moveit_setup_srdf_plugins/lib:/home/wzb/ros2ws/moveit_ws/install/moveit_setup_core_plugins/lib:/home/wzb/ros2ws/moveit_ws/install/moveit_setup_controllers/lib:/home/wzb/ros2ws/moveit_ws/install/moveit_setup_app_plugins/lib:/home/wzb/ros2ws/moveit_ws/install/moveit_setup_framework/lib:/home/wzb/ros2ws/moveit_ws/install/moveit_servo/lib:/home/wzb/ros2ws/moveit_ws/install/moveit_ros_trajectory_cache/lib:/home/wzb/ros2ws/moveit_ws/install/moveit_ros_visualization/lib:/home/wzb/ros2ws/moveit_ws/install/moveit_py/lib:/home/wzb/ros2ws/moveit_ws/install/moveit_hybrid_planning/lib:/home/wzb/ros2ws/moveit_ws/install/moveit_ros_planning_interface/lib:/home/wzb/ros2ws/moveit_ws/install/moveit_ros_benchmarks/lib:/home/wzb/ros2ws/moveit_ws/install/moveit_ros_warehouse/lib:/home/wzb/ros2ws/moveit_ws/install/moveit_ros_robot_interaction/lib:/home/wzb/ros2ws/moveit_ws/install/moveit_ros_perception/lib:/home/wzb/ros2ws/moveit_ws/install/moveit_ros_move_group/lib:/home/wzb/ros2ws/moveit_ws/install/moveit_planners_ompl/lib:/home/wzb/ros2ws/moveit_ws/install/moveit_kinematics/lib:/home/wzb/ros2ws/moveit_ws/install/moveit_ros_planning/lib:/home/wzb/ros2ws/moveit_ws/install/moveit_ros_occupancy_map_monitor/lib:/home/wzb/ros2ws/moveit_ws/install/moveit_resources_prbt_ikfast_manipulator_plugin/lib:/home/wzb/ros2ws/moveit_ws/install/moveit_planners_stomp/lib:/home/wzb/ros2ws/moveit_ws/install/moveit_planners_chomp/lib:/home/wzb/ros2ws/moveit_ws/install/chomp_motion_planner/lib:/home/wzb/ros2ws/moveit_ws/install/moveit_core/lib:/home/wzb/ros2ws/moveit_ws/install/moveit_msgs/lib:/home/wzb/ros2ws/trac_ws/install/trac_ik_kinematics/lib:/home/wzb/ros2ws/trac_ws/install/trac_ik_lib/lib:/home/wzb/ros2ws/orbbec_ws/install/orbbec_camera/lib:/home/wzb/ros2ws/my_piper_ros/install/piper_msgs/lib:/opt/ros/humble/opt/rviz_ogre_vendor/lib:/opt/ros/humble/lib/x86_64-linux-gnu:/opt/ros/humble/lib /usr/bin/cmake --build /home/wzb/ros2ws/orbbec_ws/build/orbbec_camera -- -j20 -l20
[0.131s] Invoking command in '/home/wzb/ros2ws/orbbec_ws/build/orbbec_camera': CMAKE_PREFIX_PATH=/home/wzb/ros2ws/orbbec_ws/install/orbbec_camera_msgs:/home/wzb/ros2ws/coffee_ws/install/coffee_detect:/home/wzb/ros2ws/moveit_ws/install/pilz_industrial_motion_planner_testutils:/home/wzb/ros2ws/moveit_ws/install/moveit_runtime:/home/wzb/ros2ws/moveit_ws/install/moveit:/home/wzb/ros2ws/moveit_ws/install/moveit_planners:/home/wzb/ros2ws/moveit_ws/install/pilz_industrial_motion_planner:/home/wzb/ros2ws/moveit_ws/install/moveit_ros_control_interface:/home/wzb/ros2ws/moveit_ws/install/moveit_plugins:/home/wzb/ros2ws/moveit_ws/install/moveit_simple_controller_manager:/home/wzb/ros2ws/moveit_ws/install/moveit_setup_assistant:/home/wzb/ros2ws/moveit_ws/install/moveit_setup_srdf_plugins:/home/wzb/ros2ws/moveit_ws/install/moveit_setup_core_plugins:/home/wzb/ros2ws/moveit_ws/install/moveit_setup_controllers:/home/wzb/ros2ws/moveit_ws/install/moveit_setup_app_plugins:/home/wzb/ros2ws/moveit_ws/install/moveit_setup_framework:/home/wzb/ros2ws/moveit_ws/install/moveit_servo:/home/wzb/ros2ws/moveit_ws/install/moveit_ros_trajectory_cache:/home/wzb/ros2ws/moveit_ws/install/moveit_ros:/home/wzb/ros2ws/moveit_ws/install/moveit_ros_visualization:/home/wzb/ros2ws/moveit_ws/install/moveit_py:/home/wzb/ros2ws/moveit_ws/install/moveit_hybrid_planning:/home/wzb/ros2ws/moveit_ws/install/moveit_ros_planning_interface:/home/wzb/ros2ws/moveit_ws/install/moveit_ros_benchmarks:/home/wzb/ros2ws/moveit_ws/install/moveit_ros_warehouse:/home/wzb/ros2ws/moveit_ws/install/moveit_ros_robot_interaction:/home/wzb/ros2ws/moveit_ws/install/moveit_ros_perception:/home/wzb/ros2ws/moveit_ws/install/moveit_resources_prbt_pg70_support:/home/wzb/ros2ws/moveit_ws/install/moveit_resources_prbt_moveit_config:/home/wzb/ros2ws/moveit_ws/install/moveit_ros_move_group:/home/wzb/ros2ws/moveit_ws/install/moveit_planners_ompl:/home/wzb/ros2ws/moveit_ws/install/moveit_kinematics:/home/wzb/ros2ws/moveit_ws/install/moveit_ros_planning:/home/wzb/ros2ws/moveit_ws/install/moveit_ros_occupancy_map_monitor:/home/wzb/ros2ws/moveit_ws/install/moveit_resources_prbt_support:/home/wzb/ros2ws/moveit_ws/install/moveit_resources_prbt_ikfast_manipulator_plugin:/home/wzb/ros2ws/moveit_ws/install/moveit_resources:/home/wzb/ros2ws/moveit_ws/install/moveit_resources_pr2_description:/home/wzb/ros2ws/moveit_ws/install/moveit_resources_panda_moveit_config:/home/wzb/ros2ws/moveit_ws/install/dual_arm_panda_moveit_config:/home/wzb/ros2ws/moveit_ws/install/moveit_resources_panda_description:/home/wzb/ros2ws/moveit_ws/install/moveit_resources_fanuc_moveit_config:/home/wzb/ros2ws/moveit_ws/install/moveit_resources_fanuc_description:/home/wzb/ros2ws/moveit_ws/install/moveit_planners_stomp:/home/wzb/ros2ws/moveit_ws/install/moveit_planners_chomp:/home/wzb/ros2ws/moveit_ws/install/chomp_motion_planner:/home/wzb/ros2ws/moveit_ws/install/moveit_core:/home/wzb/ros2ws/moveit_ws/install/moveit_msgs:/home/wzb/ros2ws/moveit_ws/install/moveit_common:/home/wzb/ros2ws/trac_ws/install/trac_ik:/home/wzb/ros2ws/trac_ws/install/trac_ik_kinematics:/home/wzb/ros2ws/trac_ws/install/trac_ik_examples:/home/wzb/ros2ws/trac_ws/install/trac_ik_lib:/home/wzb/ros2ws/orbbec_ws/install/orbbec_description:/home/wzb/ros2ws/orbbec_ws/install/orbbec_camera:/home/wzb/ros2ws/my_piper_ros/install/piper_with_gripper_moveit:/home/wzb/ros2ws/my_piper_ros/install/piper_no_gripper_moveit:/home/wzb/ros2ws/my_piper_ros/install/piper_mujoco:/home/wzb/ros2ws/my_piper_ros/install/piper_msgs:/home/wzb/ros2ws/my_piper_ros/install/piper_humble:/home/wzb/ros2ws/my_piper_ros/install/piper_gazebo:/home/wzb/ros2ws/my_piper_ros/install/piper_description:/home/wzb/ros2ws/moveit_ws/install/moveit_configs_utils:/home/wzb/ros2ws/my_piper_ros/install/piper:/opt/ros/humble LD_LIBRARY_PATH=/home/wzb/ros2ws/orbbec_ws/install/orbbec_camera_msgs/lib:/home/wzb/ros2ws/moveit_ws/install/pilz_industrial_motion_planner_testutils/lib:/home/wzb/ros2ws/moveit_ws/install/pilz_industrial_motion_planner/lib:/home/wzb/ros2ws/moveit_ws/install/moveit_ros_control_interface/lib:/home/wzb/ros2ws/moveit_ws/install/moveit_simple_controller_manager/lib:/home/wzb/ros2ws/moveit_ws/install/moveit_setup_assistant/lib:/home/wzb/ros2ws/moveit_ws/install/moveit_setup_srdf_plugins/lib:/home/wzb/ros2ws/moveit_ws/install/moveit_setup_core_plugins/lib:/home/wzb/ros2ws/moveit_ws/install/moveit_setup_controllers/lib:/home/wzb/ros2ws/moveit_ws/install/moveit_setup_app_plugins/lib:/home/wzb/ros2ws/moveit_ws/install/moveit_setup_framework/lib:/home/wzb/ros2ws/moveit_ws/install/moveit_servo/lib:/home/wzb/ros2ws/moveit_ws/install/moveit_ros_trajectory_cache/lib:/home/wzb/ros2ws/moveit_ws/install/moveit_ros_visualization/lib:/home/wzb/ros2ws/moveit_ws/install/moveit_py/lib:/home/wzb/ros2ws/moveit_ws/install/moveit_hybrid_planning/lib:/home/wzb/ros2ws/moveit_ws/install/moveit_ros_planning_interface/lib:/home/wzb/ros2ws/moveit_ws/install/moveit_ros_benchmarks/lib:/home/wzb/ros2ws/moveit_ws/install/moveit_ros_warehouse/lib:/home/wzb/ros2ws/moveit_ws/install/moveit_ros_robot_interaction/lib:/home/wzb/ros2ws/moveit_ws/install/moveit_ros_perception/lib:/home/wzb/ros2ws/moveit_ws/install/moveit_ros_move_group/lib:/home/wzb/ros2ws/moveit_ws/install/moveit_planners_ompl/lib:/home/wzb/ros2ws/moveit_ws/install/moveit_kinematics/lib:/home/wzb/ros2ws/moveit_ws/install/moveit_ros_planning/lib:/home/wzb/ros2ws/moveit_ws/install/moveit_ros_occupancy_map_monitor/lib:/home/wzb/ros2ws/moveit_ws/install/moveit_resources_prbt_ikfast_manipulator_plugin/lib:/home/wzb/ros2ws/moveit_ws/install/moveit_planners_stomp/lib:/home/wzb/ros2ws/moveit_ws/install/moveit_planners_chomp/lib:/home/wzb/ros2ws/moveit_ws/install/chomp_motion_planner/lib:/home/wzb/ros2ws/moveit_ws/install/moveit_core/lib:/home/wzb/ros2ws/moveit_ws/install/moveit_msgs/lib:/home/wzb/ros2ws/trac_ws/install/trac_ik_kinematics/lib:/home/wzb/ros2ws/trac_ws/install/trac_ik_lib/lib:/home/wzb/ros2ws/orbbec_ws/install/orbbec_camera/lib:/home/wzb/ros2ws/my_piper_ros/install/piper_msgs/lib:/opt/ros/humble/opt/rviz_ogre_vendor/lib:/opt/ros/humble/lib/x86_64-linux-gnu:/opt/ros/humble/lib /usr/bin/cmake --install /home/wzb/ros2ws/orbbec_ws/build/orbbec_camera
[0.136s] -- Install configuration: "Release"
[0.136s] -- Up-to-date: /home/wzb/ros2ws/orbbec_ws/install/orbbec_camera/lib/orbbec_camera/orbbec_camera_node
[0.136s] -- Up-to-date: /home/wzb/ros2ws/orbbec_ws/install/orbbec_camera/lib/orbbec_camera/frame_latency_node
[0.136s] -- Up-to-date: /home/wzb/ros2ws/orbbec_ws/install/orbbec_camera/lib/liborbbec_camera.so
[0.137s] -- Up-to-date: /home/wzb/ros2ws/orbbec_ws/install/orbbec_camera/lib/libframe_latency.so
[0.137s] -- Up-to-date: /home/wzb/ros2ws/orbbec_ws/install/orbbec_camera/include
[0.137s] -- Up-to-date: /home/wzb/ros2ws/orbbec_ws/install/orbbec_camera/include/orbbec_camera
[0.137s] -- Up-to-date: /home/wzb/ros2ws/orbbec_ws/install/orbbec_camera/include/orbbec_camera/image_publisher.h
[0.137s] -- Up-to-date: /home/wzb/ros2ws/orbbec_ws/install/orbbec_camera/include/orbbec_camera/constants.h
[0.137s] -- Up-to-date: /home/wzb/ros2ws/orbbec_ws/install/orbbec_camera/include/orbbec_camera/jetson_nv_decoder.h
[0.137s] -- Up-to-date: /home/wzb/ros2ws/orbbec_ws/install/orbbec_camera/include/orbbec_camera/utils.h
[0.137s] -- Up-to-date: /home/wzb/ros2ws/orbbec_ws/install/orbbec_camera/include/orbbec_camera/d2c_viewer.h
[0.137s] -- Up-to-date: /home/wzb/ros2ws/orbbec_ws/install/orbbec_camera/include/orbbec_camera/ob_camera_node_driver.h
[0.137s] -- Up-to-date: /home/wzb/ros2ws/orbbec_ws/install/orbbec_camera/include/orbbec_camera/dynamic_params.h
[0.137s] -- Up-to-date: /home/wzb/ros2ws/orbbec_ws/install/orbbec_camera/include/orbbec_camera/synced_imu_publisher.h
[0.137s] -- Up-to-date: /home/wzb/ros2ws/orbbec_ws/install/orbbec_camera/include/orbbec_camera/ob_camera_node.h
[0.137s] -- Up-to-date: /home/wzb/ros2ws/orbbec_ws/install/orbbec_camera/include/orbbec_camera/rk_mpp_decoder.h
[0.137s] -- Up-to-date: /home/wzb/ros2ws/orbbec_ws/install/orbbec_camera/include/orbbec_camera/jpeg_decoder.h
[0.137s] -- Up-to-date: /home/wzb/ros2ws/orbbec_ws/install/orbbec_camera/include/orbbec_camera/ros_param_backend.h
[0.137s] -- Up-to-date: /home/wzb/ros2ws/orbbec_ws/install/orbbec_camera/include/magic_enum
[0.137s] -- Up-to-date: /home/wzb/ros2ws/orbbec_ws/install/orbbec_camera/include/magic_enum/magic_enum.hpp
[0.137s] -- Up-to-date: /home/wzb/ros2ws/orbbec_ws/install/orbbec_camera/share/orbbec_camera//launch
[0.137s] -- Up-to-date: /home/wzb/ros2ws/orbbec_ws/install/orbbec_camera/share/orbbec_camera//launch/gemini_330_series.launch.py
[0.137s] -- Up-to-date: /home/wzb/ros2ws/orbbec_ws/install/orbbec_camera/share/orbbec_camera//launch/gemini2.launch.py
[0.137s] -- Up-to-date: /home/wzb/ros2ws/orbbec_ws/install/orbbec_camera/share/orbbec_camera//launch/astra_pro2.launch.py
[0.137s] -- Up-to-date: /home/wzb/ros2ws/orbbec_ws/install/orbbec_camera/share/orbbec_camera//launch/femto.launch.py
[0.137s] -- Up-to-date: /home/wzb/ros2ws/orbbec_ws/install/orbbec_camera/share/orbbec_camera//launch/astra_stereo_u3.launch.py
[0.137s] -- Up-to-date: /home/wzb/ros2ws/orbbec_ws/install/orbbec_camera/share/orbbec_camera//launch/gemini_ew.launch.py
[0.137s] -- Up-to-date: /home/wzb/ros2ws/orbbec_ws/install/orbbec_camera/share/orbbec_camera//launch/gemini_ew_lite.launch.py
[0.137s] -- Up-to-date: /home/wzb/ros2ws/orbbec_ws/install/orbbec_camera/share/orbbec_camera//launch/femto_mega.launch.py
[0.137s] -- Up-to-date: /home/wzb/ros2ws/orbbec_ws/install/orbbec_camera/share/orbbec_camera//launch/femto_net_camera.launch.py
[0.137s] -- Up-to-date: /home/wzb/ros2ws/orbbec_ws/install/orbbec_camera/share/orbbec_camera//launch/femto_bolt.launch.py
[0.137s] -- Up-to-date: /home/wzb/ros2ws/orbbec_ws/install/orbbec_camera/share/orbbec_camera//launch/astra2.launch.py
[0.137s] -- Up-to-date: /home/wzb/ros2ws/orbbec_ws/install/orbbec_camera/share/orbbec_camera//launch/dabai_d1.launch.py
[0.138s] -- Up-to-date: /home/wzb/ros2ws/orbbec_ws/install/orbbec_camera/share/orbbec_camera//launch/dabai_dw2.launch.py
[0.138s] -- Up-to-date: /home/wzb/ros2ws/orbbec_ws/install/orbbec_camera/share/orbbec_camera//launch/dabai_max_pro.launch.py
[0.138s] -- Up-to-date: /home/wzb/ros2ws/orbbec_ws/install/orbbec_camera/share/orbbec_camera//launch/dabai_dcw.launch.py
[0.138s] -- Up-to-date: /home/wzb/ros2ws/orbbec_ws/install/orbbec_camera/share/orbbec_camera//launch/deeya.launch.py
[0.138s] -- Up-to-date: /home/wzb/ros2ws/orbbec_ws/install/orbbec_camera/share/orbbec_camera//launch/dabai_dcw2.launch.py
[0.138s] -- Up-to-date: /home/wzb/ros2ws/orbbec_ws/install/orbbec_camera/share/orbbec_camera//launch/gemini_intra_process_demo_launch.py
[0.138s] -- Up-to-date: /home/wzb/ros2ws/orbbec_ws/install/orbbec_camera/share/orbbec_camera//launch/multi_camera.launch.py
[0.138s] -- Up-to-date: /home/wzb/ros2ws/orbbec_ws/install/orbbec_camera/share/orbbec_camera//launch/dabai.launch.py
[0.138s] -- Up-to-date: /home/wzb/ros2ws/orbbec_ws/install/orbbec_camera/share/orbbec_camera//launch/astra_pro_plus.launch.py
[0.138s] -- Up-to-date: /home/wzb/ros2ws/orbbec_ws/install/orbbec_camera/share/orbbec_camera//launch/dabai_max.launch.py
[0.138s] -- Up-to-date: /home/wzb/ros2ws/orbbec_ws/install/orbbec_camera/share/orbbec_camera//launch/astra_embedded_s.launch.py
[0.138s] -- Up-to-date: /home/wzb/ros2ws/orbbec_ws/install/orbbec_camera/share/orbbec_camera//launch/multi_camera_synced.launch.py
[0.138s] -- Up-to-date: /home/wzb/ros2ws/orbbec_ws/install/orbbec_camera/share/orbbec_camera//launch/ob_camera.launch.py
[0.138s] -- Up-to-date: /home/wzb/ros2ws/orbbec_ws/install/orbbec_camera/share/orbbec_camera//launch/gemini_uw.launch.py
[0.138s] -- Up-to-date: /home/wzb/ros2ws/orbbec_ws/install/orbbec_camera/share/orbbec_camera//launch/gemini2VL.launch.py
[0.138s] -- Up-to-date: /home/wzb/ros2ws/orbbec_ws/install/orbbec_camera/share/orbbec_camera//launch/astra_adv.launch.py
[0.138s] -- Up-to-date: /home/wzb/ros2ws/orbbec_ws/install/orbbec_camera/share/orbbec_camera//launch/astra.launch.py
[0.138s] -- Up-to-date: /home/wzb/ros2ws/orbbec_ws/install/orbbec_camera/share/orbbec_camera//launch/gemini_e.launch.py
[0.138s] -- Up-to-date: /home/wzb/ros2ws/orbbec_ws/install/orbbec_camera/share/orbbec_camera//launch/dabai_pro.launch.py
[0.138s] -- Up-to-date: /home/wzb/ros2ws/orbbec_ws/install/orbbec_camera/share/orbbec_camera//launch/gemini2XL.launch.py
[0.138s] -- Up-to-date: /home/wzb/ros2ws/orbbec_ws/install/orbbec_camera/share/orbbec_camera//launch/gemini_e_lite.launch.py
[0.138s] -- Up-to-date: /home/wzb/ros2ws/orbbec_ws/install/orbbec_camera/share/orbbec_camera//launch/dabai_dw.launch.py
[0.138s] -- Up-to-date: /home/wzb/ros2ws/orbbec_ws/install/orbbec_camera/share/orbbec_camera//launch/multi_net_camera.launch.py
[0.138s] -- Up-to-date: /home/wzb/ros2ws/orbbec_ws/install/orbbec_camera/share/orbbec_camera//launch/gemini2L.launch.py
[0.138s] -- Up-to-date: /home/wzb/ros2ws/orbbec_ws/install/orbbec_camera/share/orbbec_camera//launch/dabai_dcl.py
[0.138s] -- Up-to-date: /home/wzb/ros2ws/orbbec_ws/install/orbbec_camera/share/orbbec_camera//config
[0.138s] -- Up-to-date: /home/wzb/ros2ws/orbbec_ws/install/orbbec_camera/share/orbbec_camera//config/camera_params.yaml
[0.138s] -- Up-to-date: /home/wzb/ros2ws/orbbec_ws/install/orbbec_camera/share/orbbec_camera//config/OrbbecSDKConfig_v1.0.xml
[0.138s] -- Up-to-date: /home/wzb/ros2ws/orbbec_ws/install/orbbec_camera/share/orbbec_camera//config/depthfilter
[0.138s] -- Up-to-date: /home/wzb/ros2ws/orbbec_ws/install/orbbec_camera/share/orbbec_camera//config/depthfilter/Gemini2_v1.8.json
[0.138s] -- Up-to-date: /home/wzb/ros2ws/orbbec_ws/install/orbbec_camera/share/orbbec_camera//config/depthfilter/Openni_device.json
[0.138s] -- Up-to-date: /home/wzb/ros2ws/orbbec_ws/install/orbbec_camera/share/orbbec_camera//config/.gitkeep
[0.138s] -- Up-to-date: /home/wzb/ros2ws/orbbec_ws/install/orbbec_camera/include
[0.138s] -- Up-to-date: /home/wzb/ros2ws/orbbec_ws/install/orbbec_camera/include/libobsensor
[0.138s] -- Up-to-date: /home/wzb/ros2ws/orbbec_ws/install/orbbec_camera/include/libobsensor/ObSensor.hpp
[0.138s] -- Up-to-date: /home/wzb/ros2ws/orbbec_ws/install/orbbec_camera/include/libobsensor/ObSensor.h
[0.138s] -- Up-to-date: /home/wzb/ros2ws/orbbec_ws/install/orbbec_camera/include/libobsensor/hpp
[0.138s] -- Up-to-date: /home/wzb/ros2ws/orbbec_ws/install/orbbec_camera/include/libobsensor/hpp/RecordPlayback.hpp
[0.138s] -- Up-to-date: /home/wzb/ros2ws/orbbec_ws/install/orbbec_camera/include/libobsensor/hpp/Version.hpp
[0.138s] -- Up-to-date: /home/wzb/ros2ws/orbbec_ws/install/orbbec_camera/include/libobsensor/hpp/Types.hpp
[0.139s] -- Up-to-date: /home/wzb/ros2ws/orbbec_ws/install/orbbec_camera/include/libobsensor/hpp/Frame.hpp
[0.139s] -- Up-to-date: /home/wzb/ros2ws/orbbec_ws/install/orbbec_camera/include/libobsensor/hpp/Error.hpp
[0.139s] -- Up-to-date: /home/wzb/ros2ws/orbbec_ws/install/orbbec_camera/include/libobsensor/hpp/Context.hpp
[0.139s] -- Up-to-date: /home/wzb/ros2ws/orbbec_ws/install/orbbec_camera/include/libobsensor/hpp/Sensor.hpp
[0.139s] -- Up-to-date: /home/wzb/ros2ws/orbbec_ws/install/orbbec_camera/include/libobsensor/hpp/Pipeline.hpp
[0.139s] -- Up-to-date: /home/wzb/ros2ws/orbbec_ws/install/orbbec_camera/include/libobsensor/hpp/Filter.hpp
[0.139s] -- Up-to-date: /home/wzb/ros2ws/orbbec_ws/install/orbbec_camera/include/libobsensor/hpp/Utils.hpp
[0.139s] -- Up-to-date: /home/wzb/ros2ws/orbbec_ws/install/orbbec_camera/include/libobsensor/hpp/Device.hpp
[0.139s] -- Up-to-date: /home/wzb/ros2ws/orbbec_ws/install/orbbec_camera/include/libobsensor/hpp/StreamProfile.hpp
[0.139s] -- Up-to-date: /home/wzb/ros2ws/orbbec_ws/install/orbbec_camera/include/libobsensor/h
[0.139s] -- Up-to-date: /home/wzb/ros2ws/orbbec_ws/install/orbbec_camera/include/libobsensor/h/MultipleDevices.h
[0.139s] -- Up-to-date: /home/wzb/ros2ws/orbbec_ws/install/orbbec_camera/include/libobsensor/h/Utils.h
[0.139s] -- Up-to-date: /home/wzb/ros2ws/orbbec_ws/install/orbbec_camera/include/libobsensor/h/Pipeline.h
[0.139s] -- Up-to-date: /home/wzb/ros2ws/orbbec_ws/install/orbbec_camera/include/libobsensor/h/Error.h
[0.139s] -- Up-to-date: /home/wzb/ros2ws/orbbec_ws/install/orbbec_camera/include/libobsensor/h/ObTypes.h
[0.139s] -- Up-to-date: /home/wzb/ros2ws/orbbec_ws/install/orbbec_camera/include/libobsensor/h/RecordPlayback.h
[0.139s] -- Up-to-date: /home/wzb/ros2ws/orbbec_ws/install/orbbec_camera/include/libobsensor/h/StreamProfile.h
[0.139s] -- Up-to-date: /home/wzb/ros2ws/orbbec_ws/install/orbbec_camera/include/libobsensor/h/Sensor.h
[0.139s] -- Up-to-date: /home/wzb/ros2ws/orbbec_ws/install/orbbec_camera/include/libobsensor/h/Property.h
[0.139s] -- Up-to-date: /home/wzb/ros2ws/orbbec_ws/install/orbbec_camera/include/libobsensor/h/Context.h
[0.139s] -- Up-to-date: /home/wzb/ros2ws/orbbec_ws/install/orbbec_camera/include/libobsensor/h/Filter.h
[0.139s] -- Up-to-date: /home/wzb/ros2ws/orbbec_ws/install/orbbec_camera/include/libobsensor/h/Device.h
[0.139s] -- Up-to-date: /home/wzb/ros2ws/orbbec_ws/install/orbbec_camera/include/libobsensor/h/Frame.h
[0.139s] -- Up-to-date: /home/wzb/ros2ws/orbbec_ws/install/orbbec_camera/include/libobsensor/h/Version.h
[0.139s] -- Up-to-date: /home/wzb/ros2ws/orbbec_ws/install/orbbec_camera/lib/
[0.139s] -- Up-to-date: /home/wzb/ros2ws/orbbec_ws/install/orbbec_camera/lib//liblive555.so
[0.139s] -- Up-to-date: /home/wzb/ros2ws/orbbec_ws/install/orbbec_camera/lib//libOrbbecSDK.so
[0.139s] -- Up-to-date: /home/wzb/ros2ws/orbbec_ws/install/orbbec_camera/lib//libOrbbecSDK.so.1.10.27
[0.139s] -- Up-to-date: /home/wzb/ros2ws/orbbec_ws/install/orbbec_camera/lib//libOrbbecSDK.so.1.10
[0.139s] -- Up-to-date: /home/wzb/ros2ws/orbbec_ws/install/orbbec_camera/lib//libdepthengine.so.2.0
[0.139s] -- Up-to-date: /home/wzb/ros2ws/orbbec_ws/install/orbbec_camera/lib//libob_usb.so
[0.139s] -- Up-to-date: /home/wzb/ros2ws/orbbec_ws/install/orbbec_camera/lib//libdepthengine.so
[0.139s] -- Up-to-date: /home/wzb/ros2ws/orbbec_ws/install/orbbec_camera/share/orbbec_camera/udev/99-obsensor-libusb.rules
[0.139s] -- Up-to-date: /home/wzb/ros2ws/orbbec_ws/install/orbbec_camera/lib/orbbec_camera/list_devices_node
[0.139s] -- Up-to-date: /home/wzb/ros2ws/orbbec_ws/install/orbbec_camera/lib/orbbec_camera/list_depth_work_mode_node
[0.140s] -- Up-to-date: /home/wzb/ros2ws/orbbec_ws/install/orbbec_camera/lib/orbbec_camera/list_camera_profile_mode_node
[0.140s] -- Up-to-date: /home/wzb/ros2ws/orbbec_ws/install/orbbec_camera/lib/orbbec_camera/topic_statistics_node
[0.140s] -- Up-to-date: /home/wzb/ros2ws/orbbec_ws/install/orbbec_camera/share/orbbec_camera/environment/library_path.sh
[0.140s] -- Up-to-date: /home/wzb/ros2ws/orbbec_ws/install/orbbec_camera/share/orbbec_camera/environment/library_path.dsv
[0.140s] -- Up-to-date: /home/wzb/ros2ws/orbbec_ws/install/orbbec_camera/share/ament_index/resource_index/package_run_dependencies/orbbec_camera
[0.140s] -- Up-to-date: /home/wzb/ros2ws/orbbec_ws/install/orbbec_camera/share/ament_index/resource_index/parent_prefix_path/orbbec_camera
[0.140s] -- Up-to-date: /home/wzb/ros2ws/orbbec_ws/install/orbbec_camera/share/orbbec_camera/environment/ament_prefix_path.sh
[0.140s] -- Up-to-date: /home/wzb/ros2ws/orbbec_ws/install/orbbec_camera/share/orbbec_camera/environment/ament_prefix_path.dsv
[0.140s] -- Up-to-date: /home/wzb/ros2ws/orbbec_ws/install/orbbec_camera/share/orbbec_camera/environment/path.sh
[0.140s] -- Up-to-date: /home/wzb/ros2ws/orbbec_ws/install/orbbec_camera/share/orbbec_camera/environment/path.dsv
[0.140s] -- Up-to-date: /home/wzb/ros2ws/orbbec_ws/install/orbbec_camera/share/orbbec_camera/local_setup.bash
[0.140s] -- Up-to-date: /home/wzb/ros2ws/orbbec_ws/install/orbbec_camera/share/orbbec_camera/local_setup.sh
[0.140s] -- Up-to-date: /home/wzb/ros2ws/orbbec_ws/install/orbbec_camera/share/orbbec_camera/local_setup.zsh
[0.140s] -- Up-to-date: /home/wzb/ros2ws/orbbec_ws/install/orbbec_camera/share/orbbec_camera/local_setup.dsv
[0.140s] -- Installing: /home/wzb/ros2ws/orbbec_ws/install/orbbec_camera/share/orbbec_camera/package.dsv
[0.140s] -- Up-to-date: /home/wzb/ros2ws/orbbec_ws/install/orbbec_camera/share/ament_index/resource_index/packages/orbbec_camera
[0.140s] -- Up-to-date: /home/wzb/ros2ws/orbbec_ws/install/orbbec_camera/share/ament_index/resource_index/rclcpp_components/orbbec_camera
[0.140s] -- Up-to-date: /home/wzb/ros2ws/orbbec_ws/install/orbbec_camera/share/orbbec_camera/cmake/ament_cmake_export_include_directories-extras.cmake
[0.140s] -- Up-to-date: /home/wzb/ros2ws/orbbec_ws/install/orbbec_camera/share/orbbec_camera/cmake/ament_cmake_export_libraries-extras.cmake
[0.140s] -- Up-to-date: /home/wzb/ros2ws/orbbec_ws/install/orbbec_camera/share/orbbec_camera/cmake/ament_cmake_export_dependencies-extras.cmake
[0.140s] -- Up-to-date: /home/wzb/ros2ws/orbbec_ws/install/orbbec_camera/share/orbbec_camera/cmake/orbbec_cameraConfig.cmake
[0.140s] -- Up-to-date: /home/wzb/ros2ws/orbbec_ws/install/orbbec_camera/share/orbbec_camera/cmake/orbbec_cameraConfig-version.cmake
[0.140s] -- Up-to-date: /home/wzb/ros2ws/orbbec_ws/install/orbbec_camera/share/orbbec_camera/package.xml
[0.141s] Invoked command in '/home/wzb/ros2ws/orbbec_ws/build/orbbec_camera' returned '0': CMAKE_PREFIX_PATH=/home/wzb/ros2ws/orbbec_ws/install/orbbec_camera_msgs:/home/wzb/ros2ws/coffee_ws/install/coffee_detect:/home/wzb/ros2ws/moveit_ws/install/pilz_industrial_motion_planner_testutils:/home/wzb/ros2ws/moveit_ws/install/moveit_runtime:/home/wzb/ros2ws/moveit_ws/install/moveit:/home/wzb/ros2ws/moveit_ws/install/moveit_planners:/home/wzb/ros2ws/moveit_ws/install/pilz_industrial_motion_planner:/home/wzb/ros2ws/moveit_ws/install/moveit_ros_control_interface:/home/wzb/ros2ws/moveit_ws/install/moveit_plugins:/home/wzb/ros2ws/moveit_ws/install/moveit_simple_controller_manager:/home/wzb/ros2ws/moveit_ws/install/moveit_setup_assistant:/home/wzb/ros2ws/moveit_ws/install/moveit_setup_srdf_plugins:/home/wzb/ros2ws/moveit_ws/install/moveit_setup_core_plugins:/home/wzb/ros2ws/moveit_ws/install/moveit_setup_controllers:/home/wzb/ros2ws/moveit_ws/install/moveit_setup_app_plugins:/home/wzb/ros2ws/moveit_ws/install/moveit_setup_framework:/home/wzb/ros2ws/moveit_ws/install/moveit_servo:/home/wzb/ros2ws/moveit_ws/install/moveit_ros_trajectory_cache:/home/wzb/ros2ws/moveit_ws/install/moveit_ros:/home/wzb/ros2ws/moveit_ws/install/moveit_ros_visualization:/home/wzb/ros2ws/moveit_ws/install/moveit_py:/home/wzb/ros2ws/moveit_ws/install/moveit_hybrid_planning:/home/wzb/ros2ws/moveit_ws/install/moveit_ros_planning_interface:/home/wzb/ros2ws/moveit_ws/install/moveit_ros_benchmarks:/home/wzb/ros2ws/moveit_ws/install/moveit_ros_warehouse:/home/wzb/ros2ws/moveit_ws/install/moveit_ros_robot_interaction:/home/wzb/ros2ws/moveit_ws/install/moveit_ros_perception:/home/wzb/ros2ws/moveit_ws/install/moveit_resources_prbt_pg70_support:/home/wzb/ros2ws/moveit_ws/install/moveit_resources_prbt_moveit_config:/home/wzb/ros2ws/moveit_ws/install/moveit_ros_move_group:/home/wzb/ros2ws/moveit_ws/install/moveit_planners_ompl:/home/wzb/ros2ws/moveit_ws/install/moveit_kinematics:/home/wzb/ros2ws/moveit_ws/install/moveit_ros_planning:/home/wzb/ros2ws/moveit_ws/install/moveit_ros_occupancy_map_monitor:/home/wzb/ros2ws/moveit_ws/install/moveit_resources_prbt_support:/home/wzb/ros2ws/moveit_ws/install/moveit_resources_prbt_ikfast_manipulator_plugin:/home/wzb/ros2ws/moveit_ws/install/moveit_resources:/home/wzb/ros2ws/moveit_ws/install/moveit_resources_pr2_description:/home/wzb/ros2ws/moveit_ws/install/moveit_resources_panda_moveit_config:/home/wzb/ros2ws/moveit_ws/install/dual_arm_panda_moveit_config:/home/wzb/ros2ws/moveit_ws/install/moveit_resources_panda_description:/home/wzb/ros2ws/moveit_ws/install/moveit_resources_fanuc_moveit_config:/home/wzb/ros2ws/moveit_ws/install/moveit_resources_fanuc_description:/home/wzb/ros2ws/moveit_ws/install/moveit_planners_stomp:/home/wzb/ros2ws/moveit_ws/install/moveit_planners_chomp:/home/wzb/ros2ws/moveit_ws/install/chomp_motion_planner:/home/wzb/ros2ws/moveit_ws/install/moveit_core:/home/wzb/ros2ws/moveit_ws/install/moveit_msgs:/home/wzb/ros2ws/moveit_ws/install/moveit_common:/home/wzb/ros2ws/trac_ws/install/trac_ik:/home/wzb/ros2ws/trac_ws/install/trac_ik_kinematics:/home/wzb/ros2ws/trac_ws/install/trac_ik_examples:/home/wzb/ros2ws/trac_ws/install/trac_ik_lib:/home/wzb/ros2ws/orbbec_ws/install/orbbec_description:/home/wzb/ros2ws/orbbec_ws/install/orbbec_camera:/home/wzb/ros2ws/my_piper_ros/install/piper_with_gripper_moveit:/home/wzb/ros2ws/my_piper_ros/install/piper_no_gripper_moveit:/home/wzb/ros2ws/my_piper_ros/install/piper_mujoco:/home/wzb/ros2ws/my_piper_ros/install/piper_msgs:/home/wzb/ros2ws/my_piper_ros/install/piper_humble:/home/wzb/ros2ws/my_piper_ros/install/piper_gazebo:/home/wzb/ros2ws/my_piper_ros/install/piper_description:/home/wzb/ros2ws/moveit_ws/install/moveit_configs_utils:/home/wzb/ros2ws/my_piper_ros/install/piper:/opt/ros/humble LD_LIBRARY_PATH=/home/wzb/ros2ws/orbbec_ws/install/orbbec_camera_msgs/lib:/home/wzb/ros2ws/moveit_ws/install/pilz_industrial_motion_planner_testutils/lib:/home/wzb/ros2ws/moveit_ws/install/pilz_industrial_motion_planner/lib:/home/wzb/ros2ws/moveit_ws/install/moveit_ros_control_interface/lib:/home/wzb/ros2ws/moveit_ws/install/moveit_simple_controller_manager/lib:/home/wzb/ros2ws/moveit_ws/install/moveit_setup_assistant/lib:/home/wzb/ros2ws/moveit_ws/install/moveit_setup_srdf_plugins/lib:/home/wzb/ros2ws/moveit_ws/install/moveit_setup_core_plugins/lib:/home/wzb/ros2ws/moveit_ws/install/moveit_setup_controllers/lib:/home/wzb/ros2ws/moveit_ws/install/moveit_setup_app_plugins/lib:/home/wzb/ros2ws/moveit_ws/install/moveit_setup_framework/lib:/home/wzb/ros2ws/moveit_ws/install/moveit_servo/lib:/home/wzb/ros2ws/moveit_ws/install/moveit_ros_trajectory_cache/lib:/home/wzb/ros2ws/moveit_ws/install/moveit_ros_visualization/lib:/home/wzb/ros2ws/moveit_ws/install/moveit_py/lib:/home/wzb/ros2ws/moveit_ws/install/moveit_hybrid_planning/lib:/home/wzb/ros2ws/moveit_ws/install/moveit_ros_planning_interface/lib:/home/wzb/ros2ws/moveit_ws/install/moveit_ros_benchmarks/lib:/home/wzb/ros2ws/moveit_ws/install/moveit_ros_warehouse/lib:/home/wzb/ros2ws/moveit_ws/install/moveit_ros_robot_interaction/lib:/home/wzb/ros2ws/moveit_ws/install/moveit_ros_perception/lib:/home/wzb/ros2ws/moveit_ws/install/moveit_ros_move_group/lib:/home/wzb/ros2ws/moveit_ws/install/moveit_planners_ompl/lib:/home/wzb/ros2ws/moveit_ws/install/moveit_kinematics/lib:/home/wzb/ros2ws/moveit_ws/install/moveit_ros_planning/lib:/home/wzb/ros2ws/moveit_ws/install/moveit_ros_occupancy_map_monitor/lib:/home/wzb/ros2ws/moveit_ws/install/moveit_resources_prbt_ikfast_manipulator_plugin/lib:/home/wzb/ros2ws/moveit_ws/install/moveit_planners_stomp/lib:/home/wzb/ros2ws/moveit_ws/install/moveit_planners_chomp/lib:/home/wzb/ros2ws/moveit_ws/install/chomp_motion_planner/lib:/home/wzb/ros2ws/moveit_ws/install/moveit_core/lib:/home/wzb/ros2ws/moveit_ws/install/moveit_msgs/lib:/home/wzb/ros2ws/trac_ws/install/trac_ik_kinematics/lib:/home/wzb/ros2ws/trac_ws/install/trac_ik_lib/lib:/home/wzb/ros2ws/orbbec_ws/install/orbbec_camera/lib:/home/wzb/ros2ws/my_piper_ros/install/piper_msgs/lib:/opt/ros/humble/opt/rviz_ogre_vendor/lib:/opt/ros/humble/lib/x86_64-linux-gnu:/opt/ros/humble/lib /usr/bin/cmake --install /home/wzb/ros2ws/orbbec_ws/build/orbbec_camera
