[0.053s] DEBUG:colcon:Command line arguments: ['/usr/bin/colcon', 'build']
[0.053s] DEBUG:colcon:Parsed command line arguments: Namespace(log_base=None, log_level=None, verb_name='build', build_base='build', install_base='install', merge_install=False, symlink_install=False, test_result_base=None, continue_on_error=False, executor='parallel', parallel_workers=20, event_handlers=None, ignore_user_meta=False, metas=['./colcon.meta'], base_paths=['.'], packages_ignore=None, packages_ignore_regex=None, paths=None, packages_up_to=None, packages_up_to_regex=None, packages_above=None, packages_above_and_dependencies=None, packages_above_depth=None, packages_select_by_dep=None, packages_skip_by_dep=None, packages_skip_up_to=None, packages_select_build_failed=False, packages_skip_build_finished=False, packages_select_test_failures=False, packages_skip_test_passed=False, packages_select=None, packages_skip=None, packages_select_regex=None, packages_skip_regex=None, packages_start=None, packages_end=None, allow_overriding=[], cmake_args=None, cmake_target=None, cmake_target_skip_unavailable=False, cmake_clean_cache=False, cmake_clean_first=False, cmake_force_configure=False, ament_cmake_args=None, catkin_cmake_args=None, catkin_skip_building_tests=False, verb_parser=<colcon_defaults.argument_parser.defaults.DefaultArgumentsDecorator object at 0x76ebef11de70>, verb_extension=<colcon_core.verb.build.BuildVerb object at 0x76ebef2078b0>, main=<bound method BuildVerb.main of <colcon_core.verb.build.BuildVerb object at 0x76ebef2078b0>>)
[0.133s] Level 1:colcon.colcon_core.package_discovery:discover_packages(colcon_meta) check parameters
[0.133s] Level 1:colcon.colcon_core.package_discovery:discover_packages(recursive) check parameters
[0.133s] Level 1:colcon.colcon_core.package_discovery:discover_packages(ignore) check parameters
[0.133s] Level 1:colcon.colcon_core.package_discovery:discover_packages(path) check parameters
[0.133s] Level 1:colcon.colcon_core.package_discovery:discover_packages(colcon_meta) discover
[0.133s] Level 1:colcon.colcon_core.package_discovery:discover_packages(recursive) discover
[0.133s] INFO:colcon.colcon_core.package_discovery:Crawling recursively for packages in '/home/wzb/ros2ws/orbbec_ws'
[0.133s] Level 1:colcon.colcon_core.package_identification:_identify(.) by extensions ['ignore', 'ignore_ament_install']
[0.133s] Level 1:colcon.colcon_core.package_identification:_identify(.) by extension 'ignore'
[0.133s] Level 1:colcon.colcon_core.package_identification:_identify(.) by extension 'ignore_ament_install'
[0.133s] Level 1:colcon.colcon_core.package_identification:_identify(.) by extensions ['colcon_pkg']
[0.133s] Level 1:colcon.colcon_core.package_identification:_identify(.) by extension 'colcon_pkg'
[0.133s] Level 1:colcon.colcon_core.package_identification:_identify(.) by extensions ['colcon_meta']
[0.133s] Level 1:colcon.colcon_core.package_identification:_identify(.) by extension 'colcon_meta'
[0.133s] Level 1:colcon.colcon_core.package_identification:_identify(.) by extensions ['ros']
[0.133s] Level 1:colcon.colcon_core.package_identification:_identify(.) by extension 'ros'
[0.139s] Level 1:colcon.colcon_core.package_identification:_identify(.) by extensions ['cmake', 'python']
[0.139s] Level 1:colcon.colcon_core.package_identification:_identify(.) by extension 'cmake'
[0.139s] Level 1:colcon.colcon_core.package_identification:_identify(.) by extension 'python'
[0.139s] Level 1:colcon.colcon_core.package_identification:_identify(.) by extensions ['python_setup_py']
[0.139s] Level 1:colcon.colcon_core.package_identification:_identify(.) by extension 'python_setup_py'
[0.140s] Level 1:colcon.colcon_core.package_identification:_identify(Log) by extensions ['ignore', 'ignore_ament_install']
[0.140s] Level 1:colcon.colcon_core.package_identification:_identify(Log) by extension 'ignore'
[0.140s] Level 1:colcon.colcon_core.package_identification:_identify(Log) by extension 'ignore_ament_install'
[0.140s] Level 1:colcon.colcon_core.package_identification:_identify(Log) by extensions ['colcon_pkg']
[0.140s] Level 1:colcon.colcon_core.package_identification:_identify(Log) by extension 'colcon_pkg'
[0.140s] Level 1:colcon.colcon_core.package_identification:_identify(Log) by extensions ['colcon_meta']
[0.140s] Level 1:colcon.colcon_core.package_identification:_identify(Log) by extension 'colcon_meta'
[0.140s] Level 1:colcon.colcon_core.package_identification:_identify(Log) by extensions ['ros']
[0.140s] Level 1:colcon.colcon_core.package_identification:_identify(Log) by extension 'ros'
[0.140s] Level 1:colcon.colcon_core.package_identification:_identify(Log) by extensions ['cmake', 'python']
[0.140s] Level 1:colcon.colcon_core.package_identification:_identify(Log) by extension 'cmake'
[0.140s] Level 1:colcon.colcon_core.package_identification:_identify(Log) by extension 'python'
[0.140s] Level 1:colcon.colcon_core.package_identification:_identify(Log) by extensions ['python_setup_py']
[0.140s] Level 1:colcon.colcon_core.package_identification:_identify(Log) by extension 'python_setup_py'
[0.140s] Level 1:colcon.colcon_core.package_identification:_identify(build) by extensions ['ignore', 'ignore_ament_install']
[0.140s] Level 1:colcon.colcon_core.package_identification:_identify(build) by extension 'ignore'
[0.140s] Level 1:colcon.colcon_core.package_identification:_identify(build) ignored
[0.140s] Level 1:colcon.colcon_core.package_identification:_identify(install) by extensions ['ignore', 'ignore_ament_install']
[0.140s] Level 1:colcon.colcon_core.package_identification:_identify(install) by extension 'ignore'
[0.140s] Level 1:colcon.colcon_core.package_identification:_identify(install) ignored
[0.140s] Level 1:colcon.colcon_core.package_identification:_identify(log) by extensions ['ignore', 'ignore_ament_install']
[0.140s] Level 1:colcon.colcon_core.package_identification:_identify(log) by extension 'ignore'
[0.140s] Level 1:colcon.colcon_core.package_identification:_identify(log) ignored
[0.140s] Level 1:colcon.colcon_core.package_identification:_identify(src) by extensions ['ignore', 'ignore_ament_install']
[0.140s] Level 1:colcon.colcon_core.package_identification:_identify(src) by extension 'ignore'
[0.140s] Level 1:colcon.colcon_core.package_identification:_identify(src) by extension 'ignore_ament_install'
[0.140s] Level 1:colcon.colcon_core.package_identification:_identify(src) by extensions ['colcon_pkg']
[0.140s] Level 1:colcon.colcon_core.package_identification:_identify(src) by extension 'colcon_pkg'
[0.140s] Level 1:colcon.colcon_core.package_identification:_identify(src) by extensions ['colcon_meta']
[0.140s] Level 1:colcon.colcon_core.package_identification:_identify(src) by extension 'colcon_meta'
[0.140s] Level 1:colcon.colcon_core.package_identification:_identify(src) by extensions ['ros']
[0.140s] Level 1:colcon.colcon_core.package_identification:_identify(src) by extension 'ros'
[0.140s] Level 1:colcon.colcon_core.package_identification:_identify(src) by extensions ['cmake', 'python']
[0.140s] Level 1:colcon.colcon_core.package_identification:_identify(src) by extension 'cmake'
[0.140s] Level 1:colcon.colcon_core.package_identification:_identify(src) by extension 'python'
[0.140s] Level 1:colcon.colcon_core.package_identification:_identify(src) by extensions ['python_setup_py']
[0.140s] Level 1:colcon.colcon_core.package_identification:_identify(src) by extension 'python_setup_py'
[0.140s] Level 1:colcon.colcon_core.package_identification:_identify(src/OrbbecSDK_ROS2) by extensions ['ignore', 'ignore_ament_install']
[0.140s] Level 1:colcon.colcon_core.package_identification:_identify(src/OrbbecSDK_ROS2) by extension 'ignore'
[0.141s] Level 1:colcon.colcon_core.package_identification:_identify(src/OrbbecSDK_ROS2) by extension 'ignore_ament_install'
[0.141s] Level 1:colcon.colcon_core.package_identification:_identify(src/OrbbecSDK_ROS2) by extensions ['colcon_pkg']
[0.141s] Level 1:colcon.colcon_core.package_identification:_identify(src/OrbbecSDK_ROS2) by extension 'colcon_pkg'
[0.141s] Level 1:colcon.colcon_core.package_identification:_identify(src/OrbbecSDK_ROS2) by extensions ['colcon_meta']
[0.141s] Level 1:colcon.colcon_core.package_identification:_identify(src/OrbbecSDK_ROS2) by extension 'colcon_meta'
[0.141s] Level 1:colcon.colcon_core.package_identification:_identify(src/OrbbecSDK_ROS2) by extensions ['ros']
[0.141s] Level 1:colcon.colcon_core.package_identification:_identify(src/OrbbecSDK_ROS2) by extension 'ros'
[0.141s] Level 1:colcon.colcon_core.package_identification:_identify(src/OrbbecSDK_ROS2) by extensions ['cmake', 'python']
[0.141s] Level 1:colcon.colcon_core.package_identification:_identify(src/OrbbecSDK_ROS2) by extension 'cmake'
[0.141s] Level 1:colcon.colcon_core.package_identification:_identify(src/OrbbecSDK_ROS2) by extension 'python'
[0.141s] Level 1:colcon.colcon_core.package_identification:_identify(src/OrbbecSDK_ROS2) by extensions ['python_setup_py']
[0.141s] Level 1:colcon.colcon_core.package_identification:_identify(src/OrbbecSDK_ROS2) by extension 'python_setup_py'
[0.141s] Level 1:colcon.colcon_core.package_identification:_identify(src/OrbbecSDK_ROS2/docs) by extensions ['ignore', 'ignore_ament_install']
[0.141s] Level 1:colcon.colcon_core.package_identification:_identify(src/OrbbecSDK_ROS2/docs) by extension 'ignore'
[0.141s] Level 1:colcon.colcon_core.package_identification:_identify(src/OrbbecSDK_ROS2/docs) by extension 'ignore_ament_install'
[0.141s] Level 1:colcon.colcon_core.package_identification:_identify(src/OrbbecSDK_ROS2/docs) by extensions ['colcon_pkg']
[0.141s] Level 1:colcon.colcon_core.package_identification:_identify(src/OrbbecSDK_ROS2/docs) by extension 'colcon_pkg'
[0.141s] Level 1:colcon.colcon_core.package_identification:_identify(src/OrbbecSDK_ROS2/docs) by extensions ['colcon_meta']
[0.141s] Level 1:colcon.colcon_core.package_identification:_identify(src/OrbbecSDK_ROS2/docs) by extension 'colcon_meta'
[0.141s] Level 1:colcon.colcon_core.package_identification:_identify(src/OrbbecSDK_ROS2/docs) by extensions ['ros']
[0.141s] Level 1:colcon.colcon_core.package_identification:_identify(src/OrbbecSDK_ROS2/docs) by extension 'ros'
[0.141s] Level 1:colcon.colcon_core.package_identification:_identify(src/OrbbecSDK_ROS2/docs) by extensions ['cmake', 'python']
[0.141s] Level 1:colcon.colcon_core.package_identification:_identify(src/OrbbecSDK_ROS2/docs) by extension 'cmake'
[0.141s] Level 1:colcon.colcon_core.package_identification:_identify(src/OrbbecSDK_ROS2/docs) by extension 'python'
[0.141s] Level 1:colcon.colcon_core.package_identification:_identify(src/OrbbecSDK_ROS2/docs) by extensions ['python_setup_py']
[0.141s] Level 1:colcon.colcon_core.package_identification:_identify(src/OrbbecSDK_ROS2/docs) by extension 'python_setup_py'
[0.141s] Level 1:colcon.colcon_core.package_identification:_identify(src/OrbbecSDK_ROS2/docs/images) by extensions ['ignore', 'ignore_ament_install']
[0.141s] Level 1:colcon.colcon_core.package_identification:_identify(src/OrbbecSDK_ROS2/docs/images) by extension 'ignore'
[0.141s] Level 1:colcon.colcon_core.package_identification:_identify(src/OrbbecSDK_ROS2/docs/images) by extension 'ignore_ament_install'
[0.141s] Level 1:colcon.colcon_core.package_identification:_identify(src/OrbbecSDK_ROS2/docs/images) by extensions ['colcon_pkg']
[0.141s] Level 1:colcon.colcon_core.package_identification:_identify(src/OrbbecSDK_ROS2/docs/images) by extension 'colcon_pkg'
[0.141s] Level 1:colcon.colcon_core.package_identification:_identify(src/OrbbecSDK_ROS2/docs/images) by extensions ['colcon_meta']
[0.141s] Level 1:colcon.colcon_core.package_identification:_identify(src/OrbbecSDK_ROS2/docs/images) by extension 'colcon_meta'
[0.141s] Level 1:colcon.colcon_core.package_identification:_identify(src/OrbbecSDK_ROS2/docs/images) by extensions ['ros']
[0.141s] Level 1:colcon.colcon_core.package_identification:_identify(src/OrbbecSDK_ROS2/docs/images) by extension 'ros'
[0.141s] Level 1:colcon.colcon_core.package_identification:_identify(src/OrbbecSDK_ROS2/docs/images) by extensions ['cmake', 'python']
[0.141s] Level 1:colcon.colcon_core.package_identification:_identify(src/OrbbecSDK_ROS2/docs/images) by extension 'cmake'
[0.141s] Level 1:colcon.colcon_core.package_identification:_identify(src/OrbbecSDK_ROS2/docs/images) by extension 'python'
[0.141s] Level 1:colcon.colcon_core.package_identification:_identify(src/OrbbecSDK_ROS2/docs/images) by extensions ['python_setup_py']
[0.141s] Level 1:colcon.colcon_core.package_identification:_identify(src/OrbbecSDK_ROS2/docs/images) by extension 'python_setup_py'
[0.141s] Level 1:colcon.colcon_core.package_identification:_identify(src/OrbbecSDK_ROS2/orbbec_camera) by extensions ['ignore', 'ignore_ament_install']
[0.141s] Level 1:colcon.colcon_core.package_identification:_identify(src/OrbbecSDK_ROS2/orbbec_camera) by extension 'ignore'
[0.141s] Level 1:colcon.colcon_core.package_identification:_identify(src/OrbbecSDK_ROS2/orbbec_camera) by extension 'ignore_ament_install'
[0.141s] Level 1:colcon.colcon_core.package_identification:_identify(src/OrbbecSDK_ROS2/orbbec_camera) by extensions ['colcon_pkg']
[0.141s] Level 1:colcon.colcon_core.package_identification:_identify(src/OrbbecSDK_ROS2/orbbec_camera) by extension 'colcon_pkg'
[0.141s] Level 1:colcon.colcon_core.package_identification:_identify(src/OrbbecSDK_ROS2/orbbec_camera) by extensions ['colcon_meta']
[0.141s] Level 1:colcon.colcon_core.package_identification:_identify(src/OrbbecSDK_ROS2/orbbec_camera) by extension 'colcon_meta'
[0.142s] Level 1:colcon.colcon_core.package_identification:_identify(src/OrbbecSDK_ROS2/orbbec_camera) by extensions ['ros']
[0.142s] Level 1:colcon.colcon_core.package_identification:_identify(src/OrbbecSDK_ROS2/orbbec_camera) by extension 'ros'
[0.144s] DEBUG:colcon.colcon_core.package_identification:Package 'src/OrbbecSDK_ROS2/orbbec_camera' with type 'ros.ament_cmake' and name 'orbbec_camera'
[0.144s] Level 1:colcon.colcon_core.package_identification:_identify(src/OrbbecSDK_ROS2/orbbec_camera_msgs) by extensions ['ignore', 'ignore_ament_install']
[0.144s] Level 1:colcon.colcon_core.package_identification:_identify(src/OrbbecSDK_ROS2/orbbec_camera_msgs) by extension 'ignore'
[0.144s] Level 1:colcon.colcon_core.package_identification:_identify(src/OrbbecSDK_ROS2/orbbec_camera_msgs) by extension 'ignore_ament_install'
[0.144s] Level 1:colcon.colcon_core.package_identification:_identify(src/OrbbecSDK_ROS2/orbbec_camera_msgs) by extensions ['colcon_pkg']
[0.144s] Level 1:colcon.colcon_core.package_identification:_identify(src/OrbbecSDK_ROS2/orbbec_camera_msgs) by extension 'colcon_pkg'
[0.144s] Level 1:colcon.colcon_core.package_identification:_identify(src/OrbbecSDK_ROS2/orbbec_camera_msgs) by extensions ['colcon_meta']
[0.144s] Level 1:colcon.colcon_core.package_identification:_identify(src/OrbbecSDK_ROS2/orbbec_camera_msgs) by extension 'colcon_meta'
[0.144s] Level 1:colcon.colcon_core.package_identification:_identify(src/OrbbecSDK_ROS2/orbbec_camera_msgs) by extensions ['ros']
[0.144s] Level 1:colcon.colcon_core.package_identification:_identify(src/OrbbecSDK_ROS2/orbbec_camera_msgs) by extension 'ros'
[0.144s] DEBUG:colcon.colcon_core.package_identification:Package 'src/OrbbecSDK_ROS2/orbbec_camera_msgs' with type 'ros.ament_cmake' and name 'orbbec_camera_msgs'
[0.145s] Level 1:colcon.colcon_core.package_identification:_identify(src/OrbbecSDK_ROS2/orbbec_description) by extensions ['ignore', 'ignore_ament_install']
[0.145s] Level 1:colcon.colcon_core.package_identification:_identify(src/OrbbecSDK_ROS2/orbbec_description) by extension 'ignore'
[0.145s] Level 1:colcon.colcon_core.package_identification:_identify(src/OrbbecSDK_ROS2/orbbec_description) by extension 'ignore_ament_install'
[0.145s] Level 1:colcon.colcon_core.package_identification:_identify(src/OrbbecSDK_ROS2/orbbec_description) by extensions ['colcon_pkg']
[0.145s] Level 1:colcon.colcon_core.package_identification:_identify(src/OrbbecSDK_ROS2/orbbec_description) by extension 'colcon_pkg'
[0.145s] Level 1:colcon.colcon_core.package_identification:_identify(src/OrbbecSDK_ROS2/orbbec_description) by extensions ['colcon_meta']
[0.145s] Level 1:colcon.colcon_core.package_identification:_identify(src/OrbbecSDK_ROS2/orbbec_description) by extension 'colcon_meta'
[0.145s] Level 1:colcon.colcon_core.package_identification:_identify(src/OrbbecSDK_ROS2/orbbec_description) by extensions ['ros']
[0.145s] Level 1:colcon.colcon_core.package_identification:_identify(src/OrbbecSDK_ROS2/orbbec_description) by extension 'ros'
[0.145s] DEBUG:colcon.colcon_core.package_identification:Package 'src/OrbbecSDK_ROS2/orbbec_description' with type 'ros.ament_cmake' and name 'orbbec_description'
[0.145s] Level 1:colcon.colcon_core.package_discovery:discover_packages(recursive) using defaults
[0.145s] Level 1:colcon.colcon_core.package_discovery:discover_packages(ignore) discover
[0.145s] Level 1:colcon.colcon_core.package_discovery:discover_packages(ignore) using defaults
[0.145s] Level 1:colcon.colcon_core.package_discovery:discover_packages(path) discover
[0.145s] Level 1:colcon.colcon_core.package_discovery:discover_packages(path) using defaults
[0.161s] Level 1:colcon.colcon_core.package_discovery:discover_packages(prefix_path) check parameters
[0.161s] Level 1:colcon.colcon_core.package_discovery:discover_packages(prefix_path) discover
[0.161s] WARNING:colcon.colcon_core.prefix_path.colcon:The path '/home/wzb/ros2ws/my_piper_ros/install' in the environment variable COLCON_PREFIX_PATH doesn't exist
[0.162s] WARNING:colcon.colcon_ros.prefix_path.ament:The path '/home/wzb/ros2ws/my_piper_ros/install/piper_with_gripper_moveit' in the environment variable AMENT_PREFIX_PATH doesn't exist
[0.162s] WARNING:colcon.colcon_ros.prefix_path.ament:The path '/home/wzb/ros2ws/my_piper_ros/install/piper_no_gripper_moveit' in the environment variable AMENT_PREFIX_PATH doesn't exist
[0.162s] WARNING:colcon.colcon_ros.prefix_path.ament:The path '/home/wzb/ros2ws/my_piper_ros/install/piper_mujoco' in the environment variable AMENT_PREFIX_PATH doesn't exist
[0.162s] WARNING:colcon.colcon_ros.prefix_path.ament:The path '/home/wzb/ros2ws/my_piper_ros/install/piper_msgs' in the environment variable AMENT_PREFIX_PATH doesn't exist
[0.162s] WARNING:colcon.colcon_ros.prefix_path.ament:The path '/home/wzb/ros2ws/my_piper_ros/install/piper_humble' in the environment variable AMENT_PREFIX_PATH doesn't exist
[0.162s] WARNING:colcon.colcon_ros.prefix_path.ament:The path '/home/wzb/ros2ws/my_piper_ros/install/piper_gazebo' in the environment variable AMENT_PREFIX_PATH doesn't exist
[0.162s] WARNING:colcon.colcon_ros.prefix_path.ament:The path '/home/wzb/ros2ws/my_piper_ros/install/piper_description' in the environment variable AMENT_PREFIX_PATH doesn't exist
[0.162s] WARNING:colcon.colcon_ros.prefix_path.ament:The path '/home/wzb/ros2ws/my_piper_ros/install/piper' in the environment variable AMENT_PREFIX_PATH doesn't exist
[0.163s] WARNING:colcon.colcon_ros.prefix_path.catkin:The path '/home/wzb/ros2ws/my_piper_ros/install/piper_with_gripper_moveit' in the environment variable CMAKE_PREFIX_PATH doesn't exist
[0.163s] WARNING:colcon.colcon_ros.prefix_path.catkin:The path '/home/wzb/ros2ws/my_piper_ros/install/piper_no_gripper_moveit' in the environment variable CMAKE_PREFIX_PATH doesn't exist
[0.163s] WARNING:colcon.colcon_ros.prefix_path.catkin:The path '/home/wzb/ros2ws/my_piper_ros/install/piper_mujoco' in the environment variable CMAKE_PREFIX_PATH doesn't exist
[0.163s] WARNING:colcon.colcon_ros.prefix_path.catkin:The path '/home/wzb/ros2ws/my_piper_ros/install/piper_msgs' in the environment variable CMAKE_PREFIX_PATH doesn't exist
[0.163s] WARNING:colcon.colcon_ros.prefix_path.catkin:The path '/home/wzb/ros2ws/my_piper_ros/install/piper_humble' in the environment variable CMAKE_PREFIX_PATH doesn't exist
[0.163s] WARNING:colcon.colcon_ros.prefix_path.catkin:The path '/home/wzb/ros2ws/my_piper_ros/install/piper_gazebo' in the environment variable CMAKE_PREFIX_PATH doesn't exist
[0.163s] WARNING:colcon.colcon_ros.prefix_path.catkin:The path '/home/wzb/ros2ws/my_piper_ros/install/piper_description' in the environment variable CMAKE_PREFIX_PATH doesn't exist
[0.163s] DEBUG:colcon.colcon_installed_package_information.package_discovery:Found 1 installed packages in /home/wzb/ros2ws/coffee_ws/install
[0.163s] DEBUG:colcon.colcon_installed_package_information.package_discovery:Found 4 installed packages in /home/wzb/ros2ws/trac_ws/install
[0.163s] DEBUG:colcon.colcon_installed_package_information.package_discovery:Found 3 installed packages in /home/wzb/ros2ws/orbbec_ws/install
[0.164s] DEBUG:colcon.colcon_installed_package_information.package_discovery:Found 49 installed packages in /home/wzb/ros2ws/moveit_ws/install
[0.165s] DEBUG:colcon.colcon_installed_package_information.package_discovery:Found 345 installed packages in /opt/ros/humble
[0.166s] Level 1:colcon.colcon_core.package_discovery:discover_packages(prefix_path) using defaults
[0.189s] Level 5:colcon.colcon_core.verb:set package 'orbbec_camera_msgs' build argument 'cmake_args' from command line to 'None'
[0.189s] Level 5:colcon.colcon_core.verb:set package 'orbbec_camera_msgs' build argument 'cmake_target' from command line to 'None'
[0.189s] Level 5:colcon.colcon_core.verb:set package 'orbbec_camera_msgs' build argument 'cmake_target_skip_unavailable' from command line to 'False'
[0.189s] Level 5:colcon.colcon_core.verb:set package 'orbbec_camera_msgs' build argument 'cmake_clean_cache' from command line to 'False'
[0.189s] Level 5:colcon.colcon_core.verb:set package 'orbbec_camera_msgs' build argument 'cmake_clean_first' from command line to 'False'
[0.189s] Level 5:colcon.colcon_core.verb:set package 'orbbec_camera_msgs' build argument 'cmake_force_configure' from command line to 'False'
[0.189s] Level 5:colcon.colcon_core.verb:set package 'orbbec_camera_msgs' build argument 'ament_cmake_args' from command line to 'None'
[0.189s] Level 5:colcon.colcon_core.verb:set package 'orbbec_camera_msgs' build argument 'catkin_cmake_args' from command line to 'None'
[0.189s] Level 5:colcon.colcon_core.verb:set package 'orbbec_camera_msgs' build argument 'catkin_skip_building_tests' from command line to 'False'
[0.189s] DEBUG:colcon.colcon_core.verb:Building package 'orbbec_camera_msgs' with the following arguments: {'ament_cmake_args': None, 'build_base': '/home/wzb/ros2ws/orbbec_ws/build/orbbec_camera_msgs', 'catkin_cmake_args': None, 'catkin_skip_building_tests': False, 'cmake_args': None, 'cmake_clean_cache': False, 'cmake_clean_first': False, 'cmake_force_configure': False, 'cmake_target': None, 'cmake_target_skip_unavailable': False, 'install_base': '/home/wzb/ros2ws/orbbec_ws/install/orbbec_camera_msgs', 'merge_install': False, 'path': '/home/wzb/ros2ws/orbbec_ws/src/OrbbecSDK_ROS2/orbbec_camera_msgs', 'symlink_install': False, 'test_result_base': None}
[0.189s] Level 5:colcon.colcon_core.verb:set package 'orbbec_description' build argument 'cmake_args' from command line to 'None'
[0.189s] Level 5:colcon.colcon_core.verb:set package 'orbbec_description' build argument 'cmake_target' from command line to 'None'
[0.189s] Level 5:colcon.colcon_core.verb:set package 'orbbec_description' build argument 'cmake_target_skip_unavailable' from command line to 'False'
[0.189s] Level 5:colcon.colcon_core.verb:set package 'orbbec_description' build argument 'cmake_clean_cache' from command line to 'False'
[0.189s] Level 5:colcon.colcon_core.verb:set package 'orbbec_description' build argument 'cmake_clean_first' from command line to 'False'
[0.189s] Level 5:colcon.colcon_core.verb:set package 'orbbec_description' build argument 'cmake_force_configure' from command line to 'False'
[0.189s] Level 5:colcon.colcon_core.verb:set package 'orbbec_description' build argument 'ament_cmake_args' from command line to 'None'
[0.189s] Level 5:colcon.colcon_core.verb:set package 'orbbec_description' build argument 'catkin_cmake_args' from command line to 'None'
[0.189s] Level 5:colcon.colcon_core.verb:set package 'orbbec_description' build argument 'catkin_skip_building_tests' from command line to 'False'
[0.189s] DEBUG:colcon.colcon_core.verb:Building package 'orbbec_description' with the following arguments: {'ament_cmake_args': None, 'build_base': '/home/wzb/ros2ws/orbbec_ws/build/orbbec_description', 'catkin_cmake_args': None, 'catkin_skip_building_tests': False, 'cmake_args': None, 'cmake_clean_cache': False, 'cmake_clean_first': False, 'cmake_force_configure': False, 'cmake_target': None, 'cmake_target_skip_unavailable': False, 'install_base': '/home/wzb/ros2ws/orbbec_ws/install/orbbec_description', 'merge_install': False, 'path': '/home/wzb/ros2ws/orbbec_ws/src/OrbbecSDK_ROS2/orbbec_description', 'symlink_install': False, 'test_result_base': None}
[0.189s] Level 5:colcon.colcon_core.verb:set package 'orbbec_camera' build argument 'cmake_args' from command line to 'None'
[0.190s] Level 5:colcon.colcon_core.verb:set package 'orbbec_camera' build argument 'cmake_target' from command line to 'None'
[0.190s] Level 5:colcon.colcon_core.verb:set package 'orbbec_camera' build argument 'cmake_target_skip_unavailable' from command line to 'False'
[0.190s] Level 5:colcon.colcon_core.verb:set package 'orbbec_camera' build argument 'cmake_clean_cache' from command line to 'False'
[0.190s] Level 5:colcon.colcon_core.verb:set package 'orbbec_camera' build argument 'cmake_clean_first' from command line to 'False'
[0.190s] Level 5:colcon.colcon_core.verb:set package 'orbbec_camera' build argument 'cmake_force_configure' from command line to 'False'
[0.190s] Level 5:colcon.colcon_core.verb:set package 'orbbec_camera' build argument 'ament_cmake_args' from command line to 'None'
[0.190s] Level 5:colcon.colcon_core.verb:set package 'orbbec_camera' build argument 'catkin_cmake_args' from command line to 'None'
[0.190s] Level 5:colcon.colcon_core.verb:set package 'orbbec_camera' build argument 'catkin_skip_building_tests' from command line to 'False'
[0.190s] DEBUG:colcon.colcon_core.verb:Building package 'orbbec_camera' with the following arguments: {'ament_cmake_args': None, 'build_base': '/home/wzb/ros2ws/orbbec_ws/build/orbbec_camera', 'catkin_cmake_args': None, 'catkin_skip_building_tests': False, 'cmake_args': None, 'cmake_clean_cache': False, 'cmake_clean_first': False, 'cmake_force_configure': False, 'cmake_target': None, 'cmake_target_skip_unavailable': False, 'install_base': '/home/wzb/ros2ws/orbbec_ws/install/orbbec_camera', 'merge_install': False, 'path': '/home/wzb/ros2ws/orbbec_ws/src/OrbbecSDK_ROS2/orbbec_camera', 'symlink_install': False, 'test_result_base': None}
[0.190s] INFO:colcon.colcon_core.executor:Executing jobs using 'parallel' executor
[0.190s] DEBUG:colcon.colcon_parallel_executor.executor.parallel:run_until_complete
[0.191s] INFO:colcon.colcon_ros.task.ament_cmake.build:Building ROS package in '/home/wzb/ros2ws/orbbec_ws/src/OrbbecSDK_ROS2/orbbec_camera_msgs' with build type 'ament_cmake'
[0.191s] INFO:colcon.colcon_cmake.task.cmake.build:Building CMake package in '/home/wzb/ros2ws/orbbec_ws/src/OrbbecSDK_ROS2/orbbec_camera_msgs'
[0.192s] INFO:colcon.colcon_core.plugin_system:Skipping extension 'colcon_core.shell.bat': Not used on non-Windows systems
[0.192s] INFO:colcon.colcon_core.shell:Skip shell extension 'powershell' for command environment: Not usable outside of PowerShell
[0.192s] DEBUG:colcon.colcon_core.shell:Skip shell extension 'dsv' for command environment
[0.196s] INFO:colcon.colcon_ros.task.ament_cmake.build:Building ROS package in '/home/wzb/ros2ws/orbbec_ws/src/OrbbecSDK_ROS2/orbbec_description' with build type 'ament_cmake'
[0.196s] INFO:colcon.colcon_cmake.task.cmake.build:Building CMake package in '/home/wzb/ros2ws/orbbec_ws/src/OrbbecSDK_ROS2/orbbec_description'
[0.196s] INFO:colcon.colcon_core.shell:Skip shell extension 'powershell' for command environment: Not usable outside of PowerShell
[0.196s] DEBUG:colcon.colcon_core.shell:Skip shell extension 'dsv' for command environment
[0.202s] DEBUG:colcon.colcon_core.event_handler.log_command:Invoking command in '/home/wzb/ros2ws/orbbec_ws/build/orbbec_camera_msgs': CMAKE_PREFIX_PATH=${CMAKE_PREFIX_PATH}:/home/wzb/ros2ws/moveit_ws/install/moveit_configs_utils:/home/wzb/ros2ws/my_piper_ros/install/piper:/opt/ros/humble /usr/bin/cmake --build /home/wzb/ros2ws/orbbec_ws/build/orbbec_camera_msgs -- -j20 -l20
[0.203s] DEBUG:colcon.colcon_core.event_handler.log_command:Invoking command in '/home/wzb/ros2ws/orbbec_ws/build/orbbec_description': CMAKE_PREFIX_PATH=${CMAKE_PREFIX_PATH}:/home/wzb/ros2ws/moveit_ws/install/moveit_configs_utils:/home/wzb/ros2ws/my_piper_ros/install/piper:/opt/ros/humble /usr/bin/cmake --build /home/wzb/ros2ws/orbbec_ws/build/orbbec_description -- -j20 -l20
[0.231s] DEBUG:colcon.colcon_core.event_handler.log_command:Invoked command in '/home/wzb/ros2ws/orbbec_ws/build/orbbec_description' returned '0': CMAKE_PREFIX_PATH=${CMAKE_PREFIX_PATH}:/home/wzb/ros2ws/moveit_ws/install/moveit_configs_utils:/home/wzb/ros2ws/my_piper_ros/install/piper:/opt/ros/humble /usr/bin/cmake --build /home/wzb/ros2ws/orbbec_ws/build/orbbec_description -- -j20 -l20
[0.240s] DEBUG:colcon.colcon_core.event_handler.log_command:Invoking command in '/home/wzb/ros2ws/orbbec_ws/build/orbbec_description': CMAKE_PREFIX_PATH=${CMAKE_PREFIX_PATH}:/home/wzb/ros2ws/moveit_ws/install/moveit_configs_utils:/home/wzb/ros2ws/my_piper_ros/install/piper:/opt/ros/humble /usr/bin/cmake --install /home/wzb/ros2ws/orbbec_ws/build/orbbec_description
[0.246s] Level 1:colcon.colcon_core.environment:create_environment_scripts_only(orbbec_description)
[0.246s] DEBUG:colcon.colcon_core.event_handler.log_command:Invoked command in '/home/wzb/ros2ws/orbbec_ws/build/orbbec_description' returned '0': CMAKE_PREFIX_PATH=${CMAKE_PREFIX_PATH}:/home/wzb/ros2ws/moveit_ws/install/moveit_configs_utils:/home/wzb/ros2ws/my_piper_ros/install/piper:/opt/ros/humble /usr/bin/cmake --install /home/wzb/ros2ws/orbbec_ws/build/orbbec_description
[0.247s] Level 1:colcon.colcon_core.environment:checking '/home/wzb/ros2ws/orbbec_ws/install/orbbec_description' for CMake module files
[0.247s] Level 1:colcon.colcon_core.environment:checking '/home/wzb/ros2ws/orbbec_ws/install/orbbec_description' for CMake config files
[0.247s] Level 1:colcon.colcon_core.shell:create_environment_hook('orbbec_description', 'cmake_prefix_path')
[0.248s] INFO:colcon.colcon_core.shell:Creating environment hook '/home/wzb/ros2ws/orbbec_ws/install/orbbec_description/share/orbbec_description/hook/cmake_prefix_path.ps1'
[0.248s] INFO:colcon.colcon_core.shell:Creating environment descriptor '/home/wzb/ros2ws/orbbec_ws/install/orbbec_description/share/orbbec_description/hook/cmake_prefix_path.dsv'
[0.248s] INFO:colcon.colcon_core.shell:Creating environment hook '/home/wzb/ros2ws/orbbec_ws/install/orbbec_description/share/orbbec_description/hook/cmake_prefix_path.sh'
[0.249s] Level 1:colcon.colcon_core.environment:checking '/home/wzb/ros2ws/orbbec_ws/install/orbbec_description/bin'
[0.249s] Level 1:colcon.colcon_core.environment:checking '/home/wzb/ros2ws/orbbec_ws/install/orbbec_description/lib/pkgconfig/orbbec_description.pc'
[0.249s] Level 1:colcon.colcon_core.environment:checking '/home/wzb/ros2ws/orbbec_ws/install/orbbec_description/lib/python3.10/site-packages'
[0.249s] Level 1:colcon.colcon_core.environment:checking '/home/wzb/ros2ws/orbbec_ws/install/orbbec_description/bin'
[0.249s] INFO:colcon.colcon_core.shell:Creating package script '/home/wzb/ros2ws/orbbec_ws/install/orbbec_description/share/orbbec_description/package.ps1'
[0.250s] INFO:colcon.colcon_core.shell:Creating package descriptor '/home/wzb/ros2ws/orbbec_ws/install/orbbec_description/share/orbbec_description/package.dsv'
[0.250s] INFO:colcon.colcon_core.shell:Creating package script '/home/wzb/ros2ws/orbbec_ws/install/orbbec_description/share/orbbec_description/package.sh'
[0.250s] INFO:colcon.colcon_core.shell:Creating package script '/home/wzb/ros2ws/orbbec_ws/install/orbbec_description/share/orbbec_description/package.bash'
[0.251s] INFO:colcon.colcon_core.shell:Creating package script '/home/wzb/ros2ws/orbbec_ws/install/orbbec_description/share/orbbec_description/package.zsh'
[0.251s] Level 1:colcon.colcon_core.environment:create_file_with_runtime_dependencies(/home/wzb/ros2ws/orbbec_ws/install/orbbec_description/share/colcon-core/packages/orbbec_description)
[0.251s] Level 1:colcon.colcon_core.environment:create_environment_scripts_only(orbbec_description)
[0.251s] Level 1:colcon.colcon_core.environment:checking '/home/wzb/ros2ws/orbbec_ws/install/orbbec_description' for CMake module files
[0.252s] Level 1:colcon.colcon_core.environment:checking '/home/wzb/ros2ws/orbbec_ws/install/orbbec_description' for CMake config files
[0.252s] Level 1:colcon.colcon_core.shell:create_environment_hook('orbbec_description', 'cmake_prefix_path')
[0.252s] INFO:colcon.colcon_core.shell:Creating environment hook '/home/wzb/ros2ws/orbbec_ws/install/orbbec_description/share/orbbec_description/hook/cmake_prefix_path.ps1'
[0.252s] INFO:colcon.colcon_core.shell:Creating environment descriptor '/home/wzb/ros2ws/orbbec_ws/install/orbbec_description/share/orbbec_description/hook/cmake_prefix_path.dsv'
[0.253s] INFO:colcon.colcon_core.shell:Creating environment hook '/home/wzb/ros2ws/orbbec_ws/install/orbbec_description/share/orbbec_description/hook/cmake_prefix_path.sh'
[0.253s] Level 1:colcon.colcon_core.environment:checking '/home/wzb/ros2ws/orbbec_ws/install/orbbec_description/bin'
[0.253s] Level 1:colcon.colcon_core.environment:checking '/home/wzb/ros2ws/orbbec_ws/install/orbbec_description/lib/pkgconfig/orbbec_description.pc'
[0.253s] Level 1:colcon.colcon_core.environment:checking '/home/wzb/ros2ws/orbbec_ws/install/orbbec_description/lib/python3.10/site-packages'
[0.253s] Level 1:colcon.colcon_core.environment:checking '/home/wzb/ros2ws/orbbec_ws/install/orbbec_description/bin'
[0.253s] INFO:colcon.colcon_core.shell:Creating package script '/home/wzb/ros2ws/orbbec_ws/install/orbbec_description/share/orbbec_description/package.ps1'
[0.254s] INFO:colcon.colcon_core.shell:Creating package descriptor '/home/wzb/ros2ws/orbbec_ws/install/orbbec_description/share/orbbec_description/package.dsv'
[0.254s] INFO:colcon.colcon_core.shell:Creating package script '/home/wzb/ros2ws/orbbec_ws/install/orbbec_description/share/orbbec_description/package.sh'
[0.254s] INFO:colcon.colcon_core.shell:Creating package script '/home/wzb/ros2ws/orbbec_ws/install/orbbec_description/share/orbbec_description/package.bash'
[0.254s] INFO:colcon.colcon_core.shell:Creating package script '/home/wzb/ros2ws/orbbec_ws/install/orbbec_description/share/orbbec_description/package.zsh'
[0.255s] Level 1:colcon.colcon_core.environment:create_file_with_runtime_dependencies(/home/wzb/ros2ws/orbbec_ws/install/orbbec_description/share/colcon-core/packages/orbbec_description)
[0.415s] DEBUG:colcon.colcon_core.event_handler.log_command:Invoked command in '/home/wzb/ros2ws/orbbec_ws/build/orbbec_camera_msgs' returned '0': CMAKE_PREFIX_PATH=${CMAKE_PREFIX_PATH}:/home/wzb/ros2ws/moveit_ws/install/moveit_configs_utils:/home/wzb/ros2ws/my_piper_ros/install/piper:/opt/ros/humble /usr/bin/cmake --build /home/wzb/ros2ws/orbbec_ws/build/orbbec_camera_msgs -- -j20 -l20
[0.416s] DEBUG:colcon.colcon_core.event_handler.log_command:Invoking command in '/home/wzb/ros2ws/orbbec_ws/build/orbbec_camera_msgs': CMAKE_PREFIX_PATH=${CMAKE_PREFIX_PATH}:/home/wzb/ros2ws/moveit_ws/install/moveit_configs_utils:/home/wzb/ros2ws/my_piper_ros/install/piper:/opt/ros/humble /usr/bin/cmake --install /home/wzb/ros2ws/orbbec_ws/build/orbbec_camera_msgs
[0.453s] Level 1:colcon.colcon_core.environment:create_environment_scripts_only(orbbec_camera_msgs)
[0.454s] Level 1:colcon.colcon_core.environment:checking '/home/wzb/ros2ws/orbbec_ws/install/orbbec_camera_msgs' for CMake module files
[0.454s] DEBUG:colcon.colcon_core.event_handler.log_command:Invoked command in '/home/wzb/ros2ws/orbbec_ws/build/orbbec_camera_msgs' returned '0': CMAKE_PREFIX_PATH=${CMAKE_PREFIX_PATH}:/home/wzb/ros2ws/moveit_ws/install/moveit_configs_utils:/home/wzb/ros2ws/my_piper_ros/install/piper:/opt/ros/humble /usr/bin/cmake --install /home/wzb/ros2ws/orbbec_ws/build/orbbec_camera_msgs
[0.455s] Level 1:colcon.colcon_core.environment:checking '/home/wzb/ros2ws/orbbec_ws/install/orbbec_camera_msgs' for CMake config files
[0.456s] Level 1:colcon.colcon_core.shell:create_environment_hook('orbbec_camera_msgs', 'cmake_prefix_path')
[0.456s] INFO:colcon.colcon_core.shell:Creating environment hook '/home/wzb/ros2ws/orbbec_ws/install/orbbec_camera_msgs/share/orbbec_camera_msgs/hook/cmake_prefix_path.ps1'
[0.457s] INFO:colcon.colcon_core.shell:Creating environment descriptor '/home/wzb/ros2ws/orbbec_ws/install/orbbec_camera_msgs/share/orbbec_camera_msgs/hook/cmake_prefix_path.dsv'
[0.457s] INFO:colcon.colcon_core.shell:Creating environment hook '/home/wzb/ros2ws/orbbec_ws/install/orbbec_camera_msgs/share/orbbec_camera_msgs/hook/cmake_prefix_path.sh'
[0.457s] Level 1:colcon.colcon_core.environment:checking '/home/wzb/ros2ws/orbbec_ws/install/orbbec_camera_msgs/lib'
[0.457s] Level 1:colcon.colcon_core.shell:create_environment_hook('orbbec_camera_msgs', 'ld_library_path_lib')
[0.458s] INFO:colcon.colcon_core.shell:Creating environment hook '/home/wzb/ros2ws/orbbec_ws/install/orbbec_camera_msgs/share/orbbec_camera_msgs/hook/ld_library_path_lib.ps1'
[0.458s] INFO:colcon.colcon_core.shell:Creating environment descriptor '/home/wzb/ros2ws/orbbec_ws/install/orbbec_camera_msgs/share/orbbec_camera_msgs/hook/ld_library_path_lib.dsv'
[0.458s] INFO:colcon.colcon_core.shell:Creating environment hook '/home/wzb/ros2ws/orbbec_ws/install/orbbec_camera_msgs/share/orbbec_camera_msgs/hook/ld_library_path_lib.sh'
[0.458s] Level 1:colcon.colcon_core.environment:checking '/home/wzb/ros2ws/orbbec_ws/install/orbbec_camera_msgs/bin'
[0.458s] Level 1:colcon.colcon_core.environment:checking '/home/wzb/ros2ws/orbbec_ws/install/orbbec_camera_msgs/lib/pkgconfig/orbbec_camera_msgs.pc'
[0.458s] Level 1:colcon.colcon_core.environment:checking '/home/wzb/ros2ws/orbbec_ws/install/orbbec_camera_msgs/lib/python3.10/site-packages'
[0.458s] Level 1:colcon.colcon_core.environment:checking '/home/wzb/ros2ws/orbbec_ws/install/orbbec_camera_msgs/bin'
[0.459s] INFO:colcon.colcon_core.shell:Creating package script '/home/wzb/ros2ws/orbbec_ws/install/orbbec_camera_msgs/share/orbbec_camera_msgs/package.ps1'
[0.459s] INFO:colcon.colcon_core.shell:Creating package descriptor '/home/wzb/ros2ws/orbbec_ws/install/orbbec_camera_msgs/share/orbbec_camera_msgs/package.dsv'
[0.459s] INFO:colcon.colcon_core.shell:Creating package script '/home/wzb/ros2ws/orbbec_ws/install/orbbec_camera_msgs/share/orbbec_camera_msgs/package.sh'
[0.459s] INFO:colcon.colcon_core.shell:Creating package script '/home/wzb/ros2ws/orbbec_ws/install/orbbec_camera_msgs/share/orbbec_camera_msgs/package.bash'
[0.459s] INFO:colcon.colcon_core.shell:Creating package script '/home/wzb/ros2ws/orbbec_ws/install/orbbec_camera_msgs/share/orbbec_camera_msgs/package.zsh'
[0.459s] Level 1:colcon.colcon_core.environment:create_file_with_runtime_dependencies(/home/wzb/ros2ws/orbbec_ws/install/orbbec_camera_msgs/share/colcon-core/packages/orbbec_camera_msgs)
[0.460s] Level 1:colcon.colcon_core.environment:create_environment_scripts_only(orbbec_camera_msgs)
[0.460s] Level 1:colcon.colcon_core.environment:checking '/home/wzb/ros2ws/orbbec_ws/install/orbbec_camera_msgs' for CMake module files
[0.460s] Level 1:colcon.colcon_core.environment:checking '/home/wzb/ros2ws/orbbec_ws/install/orbbec_camera_msgs' for CMake config files
[0.461s] Level 1:colcon.colcon_core.shell:create_environment_hook('orbbec_camera_msgs', 'cmake_prefix_path')
[0.461s] INFO:colcon.colcon_core.shell:Creating environment hook '/home/wzb/ros2ws/orbbec_ws/install/orbbec_camera_msgs/share/orbbec_camera_msgs/hook/cmake_prefix_path.ps1'
[0.461s] INFO:colcon.colcon_core.shell:Creating environment descriptor '/home/wzb/ros2ws/orbbec_ws/install/orbbec_camera_msgs/share/orbbec_camera_msgs/hook/cmake_prefix_path.dsv'
[0.461s] INFO:colcon.colcon_core.shell:Creating environment hook '/home/wzb/ros2ws/orbbec_ws/install/orbbec_camera_msgs/share/orbbec_camera_msgs/hook/cmake_prefix_path.sh'
[0.461s] Level 1:colcon.colcon_core.environment:checking '/home/wzb/ros2ws/orbbec_ws/install/orbbec_camera_msgs/lib'
[0.461s] Level 1:colcon.colcon_core.shell:create_environment_hook('orbbec_camera_msgs', 'ld_library_path_lib')
[0.461s] INFO:colcon.colcon_core.shell:Creating environment hook '/home/wzb/ros2ws/orbbec_ws/install/orbbec_camera_msgs/share/orbbec_camera_msgs/hook/ld_library_path_lib.ps1'
[0.462s] INFO:colcon.colcon_core.shell:Creating environment descriptor '/home/wzb/ros2ws/orbbec_ws/install/orbbec_camera_msgs/share/orbbec_camera_msgs/hook/ld_library_path_lib.dsv'
[0.462s] INFO:colcon.colcon_core.shell:Creating environment hook '/home/wzb/ros2ws/orbbec_ws/install/orbbec_camera_msgs/share/orbbec_camera_msgs/hook/ld_library_path_lib.sh'
[0.462s] Level 1:colcon.colcon_core.environment:checking '/home/wzb/ros2ws/orbbec_ws/install/orbbec_camera_msgs/bin'
[0.462s] Level 1:colcon.colcon_core.environment:checking '/home/wzb/ros2ws/orbbec_ws/install/orbbec_camera_msgs/lib/pkgconfig/orbbec_camera_msgs.pc'
[0.462s] Level 1:colcon.colcon_core.environment:checking '/home/wzb/ros2ws/orbbec_ws/install/orbbec_camera_msgs/lib/python3.10/site-packages'
[0.462s] Level 1:colcon.colcon_core.environment:checking '/home/wzb/ros2ws/orbbec_ws/install/orbbec_camera_msgs/bin'
[0.462s] INFO:colcon.colcon_core.shell:Creating package script '/home/wzb/ros2ws/orbbec_ws/install/orbbec_camera_msgs/share/orbbec_camera_msgs/package.ps1'
[0.463s] INFO:colcon.colcon_core.shell:Creating package descriptor '/home/wzb/ros2ws/orbbec_ws/install/orbbec_camera_msgs/share/orbbec_camera_msgs/package.dsv'
[0.463s] INFO:colcon.colcon_core.shell:Creating package script '/home/wzb/ros2ws/orbbec_ws/install/orbbec_camera_msgs/share/orbbec_camera_msgs/package.sh'
[0.463s] INFO:colcon.colcon_core.shell:Creating package script '/home/wzb/ros2ws/orbbec_ws/install/orbbec_camera_msgs/share/orbbec_camera_msgs/package.bash'
[0.463s] INFO:colcon.colcon_core.shell:Creating package script '/home/wzb/ros2ws/orbbec_ws/install/orbbec_camera_msgs/share/orbbec_camera_msgs/package.zsh'
[0.463s] Level 1:colcon.colcon_core.environment:create_file_with_runtime_dependencies(/home/wzb/ros2ws/orbbec_ws/install/orbbec_camera_msgs/share/colcon-core/packages/orbbec_camera_msgs)
[0.463s] INFO:colcon.colcon_ros.task.ament_cmake.build:Building ROS package in '/home/wzb/ros2ws/orbbec_ws/src/OrbbecSDK_ROS2/orbbec_camera' with build type 'ament_cmake'
[0.464s] INFO:colcon.colcon_cmake.task.cmake.build:Building CMake package in '/home/wzb/ros2ws/orbbec_ws/src/OrbbecSDK_ROS2/orbbec_camera'
[0.464s] INFO:colcon.colcon_core.shell:Skip shell extension 'powershell' for command environment: Not usable outside of PowerShell
[0.464s] DEBUG:colcon.colcon_core.shell:Skip shell extension 'dsv' for command environment
[0.474s] DEBUG:colcon.colcon_core.event_handler.log_command:Invoking command in '/home/wzb/ros2ws/orbbec_ws/build/orbbec_camera': CMAKE_PREFIX_PATH=/home/wzb/ros2ws/orbbec_ws/install/orbbec_camera_msgs:/home/wzb/ros2ws/coffee_ws/install/coffee_detect:/home/wzb/ros2ws/moveit_ws/install/pilz_industrial_motion_planner_testutils:/home/wzb/ros2ws/moveit_ws/install/moveit_runtime:/home/wzb/ros2ws/moveit_ws/install/moveit:/home/wzb/ros2ws/moveit_ws/install/moveit_planners:/home/wzb/ros2ws/moveit_ws/install/pilz_industrial_motion_planner:/home/wzb/ros2ws/moveit_ws/install/moveit_ros_control_interface:/home/wzb/ros2ws/moveit_ws/install/moveit_plugins:/home/wzb/ros2ws/moveit_ws/install/moveit_simple_controller_manager:/home/wzb/ros2ws/moveit_ws/install/moveit_setup_assistant:/home/wzb/ros2ws/moveit_ws/install/moveit_setup_srdf_plugins:/home/wzb/ros2ws/moveit_ws/install/moveit_setup_core_plugins:/home/wzb/ros2ws/moveit_ws/install/moveit_setup_controllers:/home/wzb/ros2ws/moveit_ws/install/moveit_setup_app_plugins:/home/wzb/ros2ws/moveit_ws/install/moveit_setup_framework:/home/wzb/ros2ws/moveit_ws/install/moveit_servo:/home/wzb/ros2ws/moveit_ws/install/moveit_ros_trajectory_cache:/home/wzb/ros2ws/moveit_ws/install/moveit_ros:/home/wzb/ros2ws/moveit_ws/install/moveit_ros_visualization:/home/wzb/ros2ws/moveit_ws/install/moveit_py:/home/wzb/ros2ws/moveit_ws/install/moveit_hybrid_planning:/home/wzb/ros2ws/moveit_ws/install/moveit_ros_planning_interface:/home/wzb/ros2ws/moveit_ws/install/moveit_ros_benchmarks:/home/wzb/ros2ws/moveit_ws/install/moveit_ros_warehouse:/home/wzb/ros2ws/moveit_ws/install/moveit_ros_robot_interaction:/home/wzb/ros2ws/moveit_ws/install/moveit_ros_perception:/home/wzb/ros2ws/moveit_ws/install/moveit_resources_prbt_pg70_support:/home/wzb/ros2ws/moveit_ws/install/moveit_resources_prbt_moveit_config:/home/wzb/ros2ws/moveit_ws/install/moveit_ros_move_group:/home/wzb/ros2ws/moveit_ws/install/moveit_planners_ompl:/home/wzb/ros2ws/moveit_ws/install/moveit_kinematics:/home/wzb/ros2ws/moveit_ws/install/moveit_ros_planning:/home/wzb/ros2ws/moveit_ws/install/moveit_ros_occupancy_map_monitor:/home/wzb/ros2ws/moveit_ws/install/moveit_resources_prbt_support:/home/wzb/ros2ws/moveit_ws/install/moveit_resources_prbt_ikfast_manipulator_plugin:/home/wzb/ros2ws/moveit_ws/install/moveit_resources:/home/wzb/ros2ws/moveit_ws/install/moveit_resources_pr2_description:/home/wzb/ros2ws/moveit_ws/install/moveit_resources_panda_moveit_config:/home/wzb/ros2ws/moveit_ws/install/dual_arm_panda_moveit_config:/home/wzb/ros2ws/moveit_ws/install/moveit_resources_panda_description:/home/wzb/ros2ws/moveit_ws/install/moveit_resources_fanuc_moveit_config:/home/wzb/ros2ws/moveit_ws/install/moveit_resources_fanuc_description:/home/wzb/ros2ws/moveit_ws/install/moveit_planners_stomp:/home/wzb/ros2ws/moveit_ws/install/moveit_planners_chomp:/home/wzb/ros2ws/moveit_ws/install/chomp_motion_planner:/home/wzb/ros2ws/moveit_ws/install/moveit_core:/home/wzb/ros2ws/moveit_ws/install/moveit_msgs:/home/wzb/ros2ws/moveit_ws/install/moveit_common:/home/wzb/ros2ws/trac_ws/install/trac_ik:/home/wzb/ros2ws/trac_ws/install/trac_ik_kinematics:/home/wzb/ros2ws/trac_ws/install/trac_ik_examples:/home/wzb/ros2ws/trac_ws/install/trac_ik_lib:/home/wzb/ros2ws/orbbec_ws/install/orbbec_description:/home/wzb/ros2ws/orbbec_ws/install/orbbec_camera:/home/wzb/ros2ws/my_piper_ros/install/piper_with_gripper_moveit:/home/wzb/ros2ws/my_piper_ros/install/piper_no_gripper_moveit:/home/wzb/ros2ws/my_piper_ros/install/piper_mujoco:/home/wzb/ros2ws/my_piper_ros/install/piper_msgs:/home/wzb/ros2ws/my_piper_ros/install/piper_humble:/home/wzb/ros2ws/my_piper_ros/install/piper_gazebo:/home/wzb/ros2ws/my_piper_ros/install/piper_description:/home/wzb/ros2ws/moveit_ws/install/moveit_configs_utils:/home/wzb/ros2ws/my_piper_ros/install/piper:/opt/ros/humble LD_LIBRARY_PATH=/home/wzb/ros2ws/orbbec_ws/install/orbbec_camera_msgs/lib:/home/wzb/ros2ws/moveit_ws/install/pilz_industrial_motion_planner_testutils/lib:/home/wzb/ros2ws/moveit_ws/install/pilz_industrial_motion_planner/lib:/home/wzb/ros2ws/moveit_ws/install/moveit_ros_control_interface/lib:/home/wzb/ros2ws/moveit_ws/install/moveit_simple_controller_manager/lib:/home/wzb/ros2ws/moveit_ws/install/moveit_setup_assistant/lib:/home/wzb/ros2ws/moveit_ws/install/moveit_setup_srdf_plugins/lib:/home/wzb/ros2ws/moveit_ws/install/moveit_setup_core_plugins/lib:/home/wzb/ros2ws/moveit_ws/install/moveit_setup_controllers/lib:/home/wzb/ros2ws/moveit_ws/install/moveit_setup_app_plugins/lib:/home/wzb/ros2ws/moveit_ws/install/moveit_setup_framework/lib:/home/wzb/ros2ws/moveit_ws/install/moveit_servo/lib:/home/wzb/ros2ws/moveit_ws/install/moveit_ros_trajectory_cache/lib:/home/wzb/ros2ws/moveit_ws/install/moveit_ros_visualization/lib:/home/wzb/ros2ws/moveit_ws/install/moveit_py/lib:/home/wzb/ros2ws/moveit_ws/install/moveit_hybrid_planning/lib:/home/wzb/ros2ws/moveit_ws/install/moveit_ros_planning_interface/lib:/home/wzb/ros2ws/moveit_ws/install/moveit_ros_benchmarks/lib:/home/wzb/ros2ws/moveit_ws/install/moveit_ros_warehouse/lib:/home/wzb/ros2ws/moveit_ws/install/moveit_ros_robot_interaction/lib:/home/wzb/ros2ws/moveit_ws/install/moveit_ros_perception/lib:/home/wzb/ros2ws/moveit_ws/install/moveit_ros_move_group/lib:/home/wzb/ros2ws/moveit_ws/install/moveit_planners_ompl/lib:/home/wzb/ros2ws/moveit_ws/install/moveit_kinematics/lib:/home/wzb/ros2ws/moveit_ws/install/moveit_ros_planning/lib:/home/wzb/ros2ws/moveit_ws/install/moveit_ros_occupancy_map_monitor/lib:/home/wzb/ros2ws/moveit_ws/install/moveit_resources_prbt_ikfast_manipulator_plugin/lib:/home/wzb/ros2ws/moveit_ws/install/moveit_planners_stomp/lib:/home/wzb/ros2ws/moveit_ws/install/moveit_planners_chomp/lib:/home/wzb/ros2ws/moveit_ws/install/chomp_motion_planner/lib:/home/wzb/ros2ws/moveit_ws/install/moveit_core/lib:/home/wzb/ros2ws/moveit_ws/install/moveit_msgs/lib:/home/wzb/ros2ws/trac_ws/install/trac_ik_kinematics/lib:/home/wzb/ros2ws/trac_ws/install/trac_ik_lib/lib:/home/wzb/ros2ws/orbbec_ws/install/orbbec_camera/lib:/home/wzb/ros2ws/my_piper_ros/install/piper_msgs/lib:/opt/ros/humble/opt/rviz_ogre_vendor/lib:/opt/ros/humble/lib/x86_64-linux-gnu:/opt/ros/humble/lib /usr/bin/cmake --build /home/wzb/ros2ws/orbbec_ws/build/orbbec_camera -- -j20 -l20
[0.594s] DEBUG:colcon.colcon_core.event_handler.log_command:Invoked command in '/home/wzb/ros2ws/orbbec_ws/build/orbbec_camera' returned '0': CMAKE_PREFIX_PATH=/home/wzb/ros2ws/orbbec_ws/install/orbbec_camera_msgs:/home/wzb/ros2ws/coffee_ws/install/coffee_detect:/home/wzb/ros2ws/moveit_ws/install/pilz_industrial_motion_planner_testutils:/home/wzb/ros2ws/moveit_ws/install/moveit_runtime:/home/wzb/ros2ws/moveit_ws/install/moveit:/home/wzb/ros2ws/moveit_ws/install/moveit_planners:/home/wzb/ros2ws/moveit_ws/install/pilz_industrial_motion_planner:/home/wzb/ros2ws/moveit_ws/install/moveit_ros_control_interface:/home/wzb/ros2ws/moveit_ws/install/moveit_plugins:/home/wzb/ros2ws/moveit_ws/install/moveit_simple_controller_manager:/home/wzb/ros2ws/moveit_ws/install/moveit_setup_assistant:/home/wzb/ros2ws/moveit_ws/install/moveit_setup_srdf_plugins:/home/wzb/ros2ws/moveit_ws/install/moveit_setup_core_plugins:/home/wzb/ros2ws/moveit_ws/install/moveit_setup_controllers:/home/wzb/ros2ws/moveit_ws/install/moveit_setup_app_plugins:/home/wzb/ros2ws/moveit_ws/install/moveit_setup_framework:/home/wzb/ros2ws/moveit_ws/install/moveit_servo:/home/wzb/ros2ws/moveit_ws/install/moveit_ros_trajectory_cache:/home/wzb/ros2ws/moveit_ws/install/moveit_ros:/home/wzb/ros2ws/moveit_ws/install/moveit_ros_visualization:/home/wzb/ros2ws/moveit_ws/install/moveit_py:/home/wzb/ros2ws/moveit_ws/install/moveit_hybrid_planning:/home/wzb/ros2ws/moveit_ws/install/moveit_ros_planning_interface:/home/wzb/ros2ws/moveit_ws/install/moveit_ros_benchmarks:/home/wzb/ros2ws/moveit_ws/install/moveit_ros_warehouse:/home/wzb/ros2ws/moveit_ws/install/moveit_ros_robot_interaction:/home/wzb/ros2ws/moveit_ws/install/moveit_ros_perception:/home/wzb/ros2ws/moveit_ws/install/moveit_resources_prbt_pg70_support:/home/wzb/ros2ws/moveit_ws/install/moveit_resources_prbt_moveit_config:/home/wzb/ros2ws/moveit_ws/install/moveit_ros_move_group:/home/wzb/ros2ws/moveit_ws/install/moveit_planners_ompl:/home/wzb/ros2ws/moveit_ws/install/moveit_kinematics:/home/wzb/ros2ws/moveit_ws/install/moveit_ros_planning:/home/wzb/ros2ws/moveit_ws/install/moveit_ros_occupancy_map_monitor:/home/wzb/ros2ws/moveit_ws/install/moveit_resources_prbt_support:/home/wzb/ros2ws/moveit_ws/install/moveit_resources_prbt_ikfast_manipulator_plugin:/home/wzb/ros2ws/moveit_ws/install/moveit_resources:/home/wzb/ros2ws/moveit_ws/install/moveit_resources_pr2_description:/home/wzb/ros2ws/moveit_ws/install/moveit_resources_panda_moveit_config:/home/wzb/ros2ws/moveit_ws/install/dual_arm_panda_moveit_config:/home/wzb/ros2ws/moveit_ws/install/moveit_resources_panda_description:/home/wzb/ros2ws/moveit_ws/install/moveit_resources_fanuc_moveit_config:/home/wzb/ros2ws/moveit_ws/install/moveit_resources_fanuc_description:/home/wzb/ros2ws/moveit_ws/install/moveit_planners_stomp:/home/wzb/ros2ws/moveit_ws/install/moveit_planners_chomp:/home/wzb/ros2ws/moveit_ws/install/chomp_motion_planner:/home/wzb/ros2ws/moveit_ws/install/moveit_core:/home/wzb/ros2ws/moveit_ws/install/moveit_msgs:/home/wzb/ros2ws/moveit_ws/install/moveit_common:/home/wzb/ros2ws/trac_ws/install/trac_ik:/home/wzb/ros2ws/trac_ws/install/trac_ik_kinematics:/home/wzb/ros2ws/trac_ws/install/trac_ik_examples:/home/wzb/ros2ws/trac_ws/install/trac_ik_lib:/home/wzb/ros2ws/orbbec_ws/install/orbbec_description:/home/wzb/ros2ws/orbbec_ws/install/orbbec_camera:/home/wzb/ros2ws/my_piper_ros/install/piper_with_gripper_moveit:/home/wzb/ros2ws/my_piper_ros/install/piper_no_gripper_moveit:/home/wzb/ros2ws/my_piper_ros/install/piper_mujoco:/home/wzb/ros2ws/my_piper_ros/install/piper_msgs:/home/wzb/ros2ws/my_piper_ros/install/piper_humble:/home/wzb/ros2ws/my_piper_ros/install/piper_gazebo:/home/wzb/ros2ws/my_piper_ros/install/piper_description:/home/wzb/ros2ws/moveit_ws/install/moveit_configs_utils:/home/wzb/ros2ws/my_piper_ros/install/piper:/opt/ros/humble LD_LIBRARY_PATH=/home/wzb/ros2ws/orbbec_ws/install/orbbec_camera_msgs/lib:/home/wzb/ros2ws/moveit_ws/install/pilz_industrial_motion_planner_testutils/lib:/home/wzb/ros2ws/moveit_ws/install/pilz_industrial_motion_planner/lib:/home/wzb/ros2ws/moveit_ws/install/moveit_ros_control_interface/lib:/home/wzb/ros2ws/moveit_ws/install/moveit_simple_controller_manager/lib:/home/wzb/ros2ws/moveit_ws/install/moveit_setup_assistant/lib:/home/wzb/ros2ws/moveit_ws/install/moveit_setup_srdf_plugins/lib:/home/wzb/ros2ws/moveit_ws/install/moveit_setup_core_plugins/lib:/home/wzb/ros2ws/moveit_ws/install/moveit_setup_controllers/lib:/home/wzb/ros2ws/moveit_ws/install/moveit_setup_app_plugins/lib:/home/wzb/ros2ws/moveit_ws/install/moveit_setup_framework/lib:/home/wzb/ros2ws/moveit_ws/install/moveit_servo/lib:/home/wzb/ros2ws/moveit_ws/install/moveit_ros_trajectory_cache/lib:/home/wzb/ros2ws/moveit_ws/install/moveit_ros_visualization/lib:/home/wzb/ros2ws/moveit_ws/install/moveit_py/lib:/home/wzb/ros2ws/moveit_ws/install/moveit_hybrid_planning/lib:/home/wzb/ros2ws/moveit_ws/install/moveit_ros_planning_interface/lib:/home/wzb/ros2ws/moveit_ws/install/moveit_ros_benchmarks/lib:/home/wzb/ros2ws/moveit_ws/install/moveit_ros_warehouse/lib:/home/wzb/ros2ws/moveit_ws/install/moveit_ros_robot_interaction/lib:/home/wzb/ros2ws/moveit_ws/install/moveit_ros_perception/lib:/home/wzb/ros2ws/moveit_ws/install/moveit_ros_move_group/lib:/home/wzb/ros2ws/moveit_ws/install/moveit_planners_ompl/lib:/home/wzb/ros2ws/moveit_ws/install/moveit_kinematics/lib:/home/wzb/ros2ws/moveit_ws/install/moveit_ros_planning/lib:/home/wzb/ros2ws/moveit_ws/install/moveit_ros_occupancy_map_monitor/lib:/home/wzb/ros2ws/moveit_ws/install/moveit_resources_prbt_ikfast_manipulator_plugin/lib:/home/wzb/ros2ws/moveit_ws/install/moveit_planners_stomp/lib:/home/wzb/ros2ws/moveit_ws/install/moveit_planners_chomp/lib:/home/wzb/ros2ws/moveit_ws/install/chomp_motion_planner/lib:/home/wzb/ros2ws/moveit_ws/install/moveit_core/lib:/home/wzb/ros2ws/moveit_ws/install/moveit_msgs/lib:/home/wzb/ros2ws/trac_ws/install/trac_ik_kinematics/lib:/home/wzb/ros2ws/trac_ws/install/trac_ik_lib/lib:/home/wzb/ros2ws/orbbec_ws/install/orbbec_camera/lib:/home/wzb/ros2ws/my_piper_ros/install/piper_msgs/lib:/opt/ros/humble/opt/rviz_ogre_vendor/lib:/opt/ros/humble/lib/x86_64-linux-gnu:/opt/ros/humble/lib /usr/bin/cmake --build /home/wzb/ros2ws/orbbec_ws/build/orbbec_camera -- -j20 -l20
[0.595s] DEBUG:colcon.colcon_core.event_handler.log_command:Invoking command in '/home/wzb/ros2ws/orbbec_ws/build/orbbec_camera': CMAKE_PREFIX_PATH=/home/wzb/ros2ws/orbbec_ws/install/orbbec_camera_msgs:/home/wzb/ros2ws/coffee_ws/install/coffee_detect:/home/wzb/ros2ws/moveit_ws/install/pilz_industrial_motion_planner_testutils:/home/wzb/ros2ws/moveit_ws/install/moveit_runtime:/home/wzb/ros2ws/moveit_ws/install/moveit:/home/wzb/ros2ws/moveit_ws/install/moveit_planners:/home/wzb/ros2ws/moveit_ws/install/pilz_industrial_motion_planner:/home/wzb/ros2ws/moveit_ws/install/moveit_ros_control_interface:/home/wzb/ros2ws/moveit_ws/install/moveit_plugins:/home/wzb/ros2ws/moveit_ws/install/moveit_simple_controller_manager:/home/wzb/ros2ws/moveit_ws/install/moveit_setup_assistant:/home/wzb/ros2ws/moveit_ws/install/moveit_setup_srdf_plugins:/home/wzb/ros2ws/moveit_ws/install/moveit_setup_core_plugins:/home/wzb/ros2ws/moveit_ws/install/moveit_setup_controllers:/home/wzb/ros2ws/moveit_ws/install/moveit_setup_app_plugins:/home/wzb/ros2ws/moveit_ws/install/moveit_setup_framework:/home/wzb/ros2ws/moveit_ws/install/moveit_servo:/home/wzb/ros2ws/moveit_ws/install/moveit_ros_trajectory_cache:/home/wzb/ros2ws/moveit_ws/install/moveit_ros:/home/wzb/ros2ws/moveit_ws/install/moveit_ros_visualization:/home/wzb/ros2ws/moveit_ws/install/moveit_py:/home/wzb/ros2ws/moveit_ws/install/moveit_hybrid_planning:/home/wzb/ros2ws/moveit_ws/install/moveit_ros_planning_interface:/home/wzb/ros2ws/moveit_ws/install/moveit_ros_benchmarks:/home/wzb/ros2ws/moveit_ws/install/moveit_ros_warehouse:/home/wzb/ros2ws/moveit_ws/install/moveit_ros_robot_interaction:/home/wzb/ros2ws/moveit_ws/install/moveit_ros_perception:/home/wzb/ros2ws/moveit_ws/install/moveit_resources_prbt_pg70_support:/home/wzb/ros2ws/moveit_ws/install/moveit_resources_prbt_moveit_config:/home/wzb/ros2ws/moveit_ws/install/moveit_ros_move_group:/home/wzb/ros2ws/moveit_ws/install/moveit_planners_ompl:/home/wzb/ros2ws/moveit_ws/install/moveit_kinematics:/home/wzb/ros2ws/moveit_ws/install/moveit_ros_planning:/home/wzb/ros2ws/moveit_ws/install/moveit_ros_occupancy_map_monitor:/home/wzb/ros2ws/moveit_ws/install/moveit_resources_prbt_support:/home/wzb/ros2ws/moveit_ws/install/moveit_resources_prbt_ikfast_manipulator_plugin:/home/wzb/ros2ws/moveit_ws/install/moveit_resources:/home/wzb/ros2ws/moveit_ws/install/moveit_resources_pr2_description:/home/wzb/ros2ws/moveit_ws/install/moveit_resources_panda_moveit_config:/home/wzb/ros2ws/moveit_ws/install/dual_arm_panda_moveit_config:/home/wzb/ros2ws/moveit_ws/install/moveit_resources_panda_description:/home/wzb/ros2ws/moveit_ws/install/moveit_resources_fanuc_moveit_config:/home/wzb/ros2ws/moveit_ws/install/moveit_resources_fanuc_description:/home/wzb/ros2ws/moveit_ws/install/moveit_planners_stomp:/home/wzb/ros2ws/moveit_ws/install/moveit_planners_chomp:/home/wzb/ros2ws/moveit_ws/install/chomp_motion_planner:/home/wzb/ros2ws/moveit_ws/install/moveit_core:/home/wzb/ros2ws/moveit_ws/install/moveit_msgs:/home/wzb/ros2ws/moveit_ws/install/moveit_common:/home/wzb/ros2ws/trac_ws/install/trac_ik:/home/wzb/ros2ws/trac_ws/install/trac_ik_kinematics:/home/wzb/ros2ws/trac_ws/install/trac_ik_examples:/home/wzb/ros2ws/trac_ws/install/trac_ik_lib:/home/wzb/ros2ws/orbbec_ws/install/orbbec_description:/home/wzb/ros2ws/orbbec_ws/install/orbbec_camera:/home/wzb/ros2ws/my_piper_ros/install/piper_with_gripper_moveit:/home/wzb/ros2ws/my_piper_ros/install/piper_no_gripper_moveit:/home/wzb/ros2ws/my_piper_ros/install/piper_mujoco:/home/wzb/ros2ws/my_piper_ros/install/piper_msgs:/home/wzb/ros2ws/my_piper_ros/install/piper_humble:/home/wzb/ros2ws/my_piper_ros/install/piper_gazebo:/home/wzb/ros2ws/my_piper_ros/install/piper_description:/home/wzb/ros2ws/moveit_ws/install/moveit_configs_utils:/home/wzb/ros2ws/my_piper_ros/install/piper:/opt/ros/humble LD_LIBRARY_PATH=/home/wzb/ros2ws/orbbec_ws/install/orbbec_camera_msgs/lib:/home/wzb/ros2ws/moveit_ws/install/pilz_industrial_motion_planner_testutils/lib:/home/wzb/ros2ws/moveit_ws/install/pilz_industrial_motion_planner/lib:/home/wzb/ros2ws/moveit_ws/install/moveit_ros_control_interface/lib:/home/wzb/ros2ws/moveit_ws/install/moveit_simple_controller_manager/lib:/home/wzb/ros2ws/moveit_ws/install/moveit_setup_assistant/lib:/home/wzb/ros2ws/moveit_ws/install/moveit_setup_srdf_plugins/lib:/home/wzb/ros2ws/moveit_ws/install/moveit_setup_core_plugins/lib:/home/wzb/ros2ws/moveit_ws/install/moveit_setup_controllers/lib:/home/wzb/ros2ws/moveit_ws/install/moveit_setup_app_plugins/lib:/home/wzb/ros2ws/moveit_ws/install/moveit_setup_framework/lib:/home/wzb/ros2ws/moveit_ws/install/moveit_servo/lib:/home/wzb/ros2ws/moveit_ws/install/moveit_ros_trajectory_cache/lib:/home/wzb/ros2ws/moveit_ws/install/moveit_ros_visualization/lib:/home/wzb/ros2ws/moveit_ws/install/moveit_py/lib:/home/wzb/ros2ws/moveit_ws/install/moveit_hybrid_planning/lib:/home/wzb/ros2ws/moveit_ws/install/moveit_ros_planning_interface/lib:/home/wzb/ros2ws/moveit_ws/install/moveit_ros_benchmarks/lib:/home/wzb/ros2ws/moveit_ws/install/moveit_ros_warehouse/lib:/home/wzb/ros2ws/moveit_ws/install/moveit_ros_robot_interaction/lib:/home/wzb/ros2ws/moveit_ws/install/moveit_ros_perception/lib:/home/wzb/ros2ws/moveit_ws/install/moveit_ros_move_group/lib:/home/wzb/ros2ws/moveit_ws/install/moveit_planners_ompl/lib:/home/wzb/ros2ws/moveit_ws/install/moveit_kinematics/lib:/home/wzb/ros2ws/moveit_ws/install/moveit_ros_planning/lib:/home/wzb/ros2ws/moveit_ws/install/moveit_ros_occupancy_map_monitor/lib:/home/wzb/ros2ws/moveit_ws/install/moveit_resources_prbt_ikfast_manipulator_plugin/lib:/home/wzb/ros2ws/moveit_ws/install/moveit_planners_stomp/lib:/home/wzb/ros2ws/moveit_ws/install/moveit_planners_chomp/lib:/home/wzb/ros2ws/moveit_ws/install/chomp_motion_planner/lib:/home/wzb/ros2ws/moveit_ws/install/moveit_core/lib:/home/wzb/ros2ws/moveit_ws/install/moveit_msgs/lib:/home/wzb/ros2ws/trac_ws/install/trac_ik_kinematics/lib:/home/wzb/ros2ws/trac_ws/install/trac_ik_lib/lib:/home/wzb/ros2ws/orbbec_ws/install/orbbec_camera/lib:/home/wzb/ros2ws/my_piper_ros/install/piper_msgs/lib:/opt/ros/humble/opt/rviz_ogre_vendor/lib:/opt/ros/humble/lib/x86_64-linux-gnu:/opt/ros/humble/lib /usr/bin/cmake --install /home/wzb/ros2ws/orbbec_ws/build/orbbec_camera
[0.604s] Level 1:colcon.colcon_core.environment:create_environment_scripts_only(orbbec_camera)
[0.605s] Level 1:colcon.colcon_core.environment:checking '/home/wzb/ros2ws/orbbec_ws/install/orbbec_camera' for CMake module files
[0.605s] DEBUG:colcon.colcon_core.event_handler.log_command:Invoked command in '/home/wzb/ros2ws/orbbec_ws/build/orbbec_camera' returned '0': CMAKE_PREFIX_PATH=/home/wzb/ros2ws/orbbec_ws/install/orbbec_camera_msgs:/home/wzb/ros2ws/coffee_ws/install/coffee_detect:/home/wzb/ros2ws/moveit_ws/install/pilz_industrial_motion_planner_testutils:/home/wzb/ros2ws/moveit_ws/install/moveit_runtime:/home/wzb/ros2ws/moveit_ws/install/moveit:/home/wzb/ros2ws/moveit_ws/install/moveit_planners:/home/wzb/ros2ws/moveit_ws/install/pilz_industrial_motion_planner:/home/wzb/ros2ws/moveit_ws/install/moveit_ros_control_interface:/home/wzb/ros2ws/moveit_ws/install/moveit_plugins:/home/wzb/ros2ws/moveit_ws/install/moveit_simple_controller_manager:/home/wzb/ros2ws/moveit_ws/install/moveit_setup_assistant:/home/wzb/ros2ws/moveit_ws/install/moveit_setup_srdf_plugins:/home/wzb/ros2ws/moveit_ws/install/moveit_setup_core_plugins:/home/wzb/ros2ws/moveit_ws/install/moveit_setup_controllers:/home/wzb/ros2ws/moveit_ws/install/moveit_setup_app_plugins:/home/wzb/ros2ws/moveit_ws/install/moveit_setup_framework:/home/wzb/ros2ws/moveit_ws/install/moveit_servo:/home/wzb/ros2ws/moveit_ws/install/moveit_ros_trajectory_cache:/home/wzb/ros2ws/moveit_ws/install/moveit_ros:/home/wzb/ros2ws/moveit_ws/install/moveit_ros_visualization:/home/wzb/ros2ws/moveit_ws/install/moveit_py:/home/wzb/ros2ws/moveit_ws/install/moveit_hybrid_planning:/home/wzb/ros2ws/moveit_ws/install/moveit_ros_planning_interface:/home/wzb/ros2ws/moveit_ws/install/moveit_ros_benchmarks:/home/wzb/ros2ws/moveit_ws/install/moveit_ros_warehouse:/home/wzb/ros2ws/moveit_ws/install/moveit_ros_robot_interaction:/home/wzb/ros2ws/moveit_ws/install/moveit_ros_perception:/home/wzb/ros2ws/moveit_ws/install/moveit_resources_prbt_pg70_support:/home/wzb/ros2ws/moveit_ws/install/moveit_resources_prbt_moveit_config:/home/wzb/ros2ws/moveit_ws/install/moveit_ros_move_group:/home/wzb/ros2ws/moveit_ws/install/moveit_planners_ompl:/home/wzb/ros2ws/moveit_ws/install/moveit_kinematics:/home/wzb/ros2ws/moveit_ws/install/moveit_ros_planning:/home/wzb/ros2ws/moveit_ws/install/moveit_ros_occupancy_map_monitor:/home/wzb/ros2ws/moveit_ws/install/moveit_resources_prbt_support:/home/wzb/ros2ws/moveit_ws/install/moveit_resources_prbt_ikfast_manipulator_plugin:/home/wzb/ros2ws/moveit_ws/install/moveit_resources:/home/wzb/ros2ws/moveit_ws/install/moveit_resources_pr2_description:/home/wzb/ros2ws/moveit_ws/install/moveit_resources_panda_moveit_config:/home/wzb/ros2ws/moveit_ws/install/dual_arm_panda_moveit_config:/home/wzb/ros2ws/moveit_ws/install/moveit_resources_panda_description:/home/wzb/ros2ws/moveit_ws/install/moveit_resources_fanuc_moveit_config:/home/wzb/ros2ws/moveit_ws/install/moveit_resources_fanuc_description:/home/wzb/ros2ws/moveit_ws/install/moveit_planners_stomp:/home/wzb/ros2ws/moveit_ws/install/moveit_planners_chomp:/home/wzb/ros2ws/moveit_ws/install/chomp_motion_planner:/home/wzb/ros2ws/moveit_ws/install/moveit_core:/home/wzb/ros2ws/moveit_ws/install/moveit_msgs:/home/wzb/ros2ws/moveit_ws/install/moveit_common:/home/wzb/ros2ws/trac_ws/install/trac_ik:/home/wzb/ros2ws/trac_ws/install/trac_ik_kinematics:/home/wzb/ros2ws/trac_ws/install/trac_ik_examples:/home/wzb/ros2ws/trac_ws/install/trac_ik_lib:/home/wzb/ros2ws/orbbec_ws/install/orbbec_description:/home/wzb/ros2ws/orbbec_ws/install/orbbec_camera:/home/wzb/ros2ws/my_piper_ros/install/piper_with_gripper_moveit:/home/wzb/ros2ws/my_piper_ros/install/piper_no_gripper_moveit:/home/wzb/ros2ws/my_piper_ros/install/piper_mujoco:/home/wzb/ros2ws/my_piper_ros/install/piper_msgs:/home/wzb/ros2ws/my_piper_ros/install/piper_humble:/home/wzb/ros2ws/my_piper_ros/install/piper_gazebo:/home/wzb/ros2ws/my_piper_ros/install/piper_description:/home/wzb/ros2ws/moveit_ws/install/moveit_configs_utils:/home/wzb/ros2ws/my_piper_ros/install/piper:/opt/ros/humble LD_LIBRARY_PATH=/home/wzb/ros2ws/orbbec_ws/install/orbbec_camera_msgs/lib:/home/wzb/ros2ws/moveit_ws/install/pilz_industrial_motion_planner_testutils/lib:/home/wzb/ros2ws/moveit_ws/install/pilz_industrial_motion_planner/lib:/home/wzb/ros2ws/moveit_ws/install/moveit_ros_control_interface/lib:/home/wzb/ros2ws/moveit_ws/install/moveit_simple_controller_manager/lib:/home/wzb/ros2ws/moveit_ws/install/moveit_setup_assistant/lib:/home/wzb/ros2ws/moveit_ws/install/moveit_setup_srdf_plugins/lib:/home/wzb/ros2ws/moveit_ws/install/moveit_setup_core_plugins/lib:/home/wzb/ros2ws/moveit_ws/install/moveit_setup_controllers/lib:/home/wzb/ros2ws/moveit_ws/install/moveit_setup_app_plugins/lib:/home/wzb/ros2ws/moveit_ws/install/moveit_setup_framework/lib:/home/wzb/ros2ws/moveit_ws/install/moveit_servo/lib:/home/wzb/ros2ws/moveit_ws/install/moveit_ros_trajectory_cache/lib:/home/wzb/ros2ws/moveit_ws/install/moveit_ros_visualization/lib:/home/wzb/ros2ws/moveit_ws/install/moveit_py/lib:/home/wzb/ros2ws/moveit_ws/install/moveit_hybrid_planning/lib:/home/wzb/ros2ws/moveit_ws/install/moveit_ros_planning_interface/lib:/home/wzb/ros2ws/moveit_ws/install/moveit_ros_benchmarks/lib:/home/wzb/ros2ws/moveit_ws/install/moveit_ros_warehouse/lib:/home/wzb/ros2ws/moveit_ws/install/moveit_ros_robot_interaction/lib:/home/wzb/ros2ws/moveit_ws/install/moveit_ros_perception/lib:/home/wzb/ros2ws/moveit_ws/install/moveit_ros_move_group/lib:/home/wzb/ros2ws/moveit_ws/install/moveit_planners_ompl/lib:/home/wzb/ros2ws/moveit_ws/install/moveit_kinematics/lib:/home/wzb/ros2ws/moveit_ws/install/moveit_ros_planning/lib:/home/wzb/ros2ws/moveit_ws/install/moveit_ros_occupancy_map_monitor/lib:/home/wzb/ros2ws/moveit_ws/install/moveit_resources_prbt_ikfast_manipulator_plugin/lib:/home/wzb/ros2ws/moveit_ws/install/moveit_planners_stomp/lib:/home/wzb/ros2ws/moveit_ws/install/moveit_planners_chomp/lib:/home/wzb/ros2ws/moveit_ws/install/chomp_motion_planner/lib:/home/wzb/ros2ws/moveit_ws/install/moveit_core/lib:/home/wzb/ros2ws/moveit_ws/install/moveit_msgs/lib:/home/wzb/ros2ws/trac_ws/install/trac_ik_kinematics/lib:/home/wzb/ros2ws/trac_ws/install/trac_ik_lib/lib:/home/wzb/ros2ws/orbbec_ws/install/orbbec_camera/lib:/home/wzb/ros2ws/my_piper_ros/install/piper_msgs/lib:/opt/ros/humble/opt/rviz_ogre_vendor/lib:/opt/ros/humble/lib/x86_64-linux-gnu:/opt/ros/humble/lib /usr/bin/cmake --install /home/wzb/ros2ws/orbbec_ws/build/orbbec_camera
[0.605s] Level 1:colcon.colcon_core.environment:checking '/home/wzb/ros2ws/orbbec_ws/install/orbbec_camera' for CMake config files
[0.605s] Level 1:colcon.colcon_core.shell:create_environment_hook('orbbec_camera', 'cmake_prefix_path')
[0.605s] INFO:colcon.colcon_core.shell:Creating environment hook '/home/wzb/ros2ws/orbbec_ws/install/orbbec_camera/share/orbbec_camera/hook/cmake_prefix_path.ps1'
[0.606s] INFO:colcon.colcon_core.shell:Creating environment descriptor '/home/wzb/ros2ws/orbbec_ws/install/orbbec_camera/share/orbbec_camera/hook/cmake_prefix_path.dsv'
[0.606s] INFO:colcon.colcon_core.shell:Creating environment hook '/home/wzb/ros2ws/orbbec_ws/install/orbbec_camera/share/orbbec_camera/hook/cmake_prefix_path.sh'
[0.606s] Level 1:colcon.colcon_core.environment:checking '/home/wzb/ros2ws/orbbec_ws/install/orbbec_camera/lib'
[0.606s] Level 1:colcon.colcon_core.shell:create_environment_hook('orbbec_camera', 'ld_library_path_lib')
[0.606s] INFO:colcon.colcon_core.shell:Creating environment hook '/home/wzb/ros2ws/orbbec_ws/install/orbbec_camera/share/orbbec_camera/hook/ld_library_path_lib.ps1'
[0.607s] INFO:colcon.colcon_core.shell:Creating environment descriptor '/home/wzb/ros2ws/orbbec_ws/install/orbbec_camera/share/orbbec_camera/hook/ld_library_path_lib.dsv'
[0.607s] INFO:colcon.colcon_core.shell:Creating environment hook '/home/wzb/ros2ws/orbbec_ws/install/orbbec_camera/share/orbbec_camera/hook/ld_library_path_lib.sh'
[0.607s] Level 1:colcon.colcon_core.environment:checking '/home/wzb/ros2ws/orbbec_ws/install/orbbec_camera/bin'
[0.607s] Level 1:colcon.colcon_core.environment:checking '/home/wzb/ros2ws/orbbec_ws/install/orbbec_camera/lib/pkgconfig/orbbec_camera.pc'
[0.607s] Level 1:colcon.colcon_core.environment:checking '/home/wzb/ros2ws/orbbec_ws/install/orbbec_camera/lib/python3.10/site-packages'
[0.607s] Level 1:colcon.colcon_core.environment:checking '/home/wzb/ros2ws/orbbec_ws/install/orbbec_camera/bin'
[0.607s] INFO:colcon.colcon_core.shell:Creating package script '/home/wzb/ros2ws/orbbec_ws/install/orbbec_camera/share/orbbec_camera/package.ps1'
[0.608s] INFO:colcon.colcon_core.shell:Creating package descriptor '/home/wzb/ros2ws/orbbec_ws/install/orbbec_camera/share/orbbec_camera/package.dsv'
[0.608s] INFO:colcon.colcon_core.shell:Creating package script '/home/wzb/ros2ws/orbbec_ws/install/orbbec_camera/share/orbbec_camera/package.sh'
[0.608s] INFO:colcon.colcon_core.shell:Creating package script '/home/wzb/ros2ws/orbbec_ws/install/orbbec_camera/share/orbbec_camera/package.bash'
[0.608s] INFO:colcon.colcon_core.shell:Creating package script '/home/wzb/ros2ws/orbbec_ws/install/orbbec_camera/share/orbbec_camera/package.zsh'
[0.608s] Level 1:colcon.colcon_core.environment:create_file_with_runtime_dependencies(/home/wzb/ros2ws/orbbec_ws/install/orbbec_camera/share/colcon-core/packages/orbbec_camera)
[0.609s] Level 1:colcon.colcon_core.environment:create_environment_scripts_only(orbbec_camera)
[0.609s] Level 1:colcon.colcon_core.environment:checking '/home/wzb/ros2ws/orbbec_ws/install/orbbec_camera' for CMake module files
[0.609s] Level 1:colcon.colcon_core.environment:checking '/home/wzb/ros2ws/orbbec_ws/install/orbbec_camera' for CMake config files
[0.609s] Level 1:colcon.colcon_core.shell:create_environment_hook('orbbec_camera', 'cmake_prefix_path')
[0.609s] INFO:colcon.colcon_core.shell:Creating environment hook '/home/wzb/ros2ws/orbbec_ws/install/orbbec_camera/share/orbbec_camera/hook/cmake_prefix_path.ps1'
[0.610s] INFO:colcon.colcon_core.shell:Creating environment descriptor '/home/wzb/ros2ws/orbbec_ws/install/orbbec_camera/share/orbbec_camera/hook/cmake_prefix_path.dsv'
[0.610s] INFO:colcon.colcon_core.shell:Creating environment hook '/home/wzb/ros2ws/orbbec_ws/install/orbbec_camera/share/orbbec_camera/hook/cmake_prefix_path.sh'
[0.610s] Level 1:colcon.colcon_core.environment:checking '/home/wzb/ros2ws/orbbec_ws/install/orbbec_camera/lib'
[0.610s] Level 1:colcon.colcon_core.shell:create_environment_hook('orbbec_camera', 'ld_library_path_lib')
[0.610s] INFO:colcon.colcon_core.shell:Creating environment hook '/home/wzb/ros2ws/orbbec_ws/install/orbbec_camera/share/orbbec_camera/hook/ld_library_path_lib.ps1'
[0.610s] INFO:colcon.colcon_core.shell:Creating environment descriptor '/home/wzb/ros2ws/orbbec_ws/install/orbbec_camera/share/orbbec_camera/hook/ld_library_path_lib.dsv'
[0.610s] INFO:colcon.colcon_core.shell:Creating environment hook '/home/wzb/ros2ws/orbbec_ws/install/orbbec_camera/share/orbbec_camera/hook/ld_library_path_lib.sh'
[0.611s] Level 1:colcon.colcon_core.environment:checking '/home/wzb/ros2ws/orbbec_ws/install/orbbec_camera/bin'
[0.611s] Level 1:colcon.colcon_core.environment:checking '/home/wzb/ros2ws/orbbec_ws/install/orbbec_camera/lib/pkgconfig/orbbec_camera.pc'
[0.611s] Level 1:colcon.colcon_core.environment:checking '/home/wzb/ros2ws/orbbec_ws/install/orbbec_camera/lib/python3.10/site-packages'
[0.611s] Level 1:colcon.colcon_core.environment:checking '/home/wzb/ros2ws/orbbec_ws/install/orbbec_camera/bin'
[0.611s] INFO:colcon.colcon_core.shell:Creating package script '/home/wzb/ros2ws/orbbec_ws/install/orbbec_camera/share/orbbec_camera/package.ps1'
[0.612s] INFO:colcon.colcon_core.shell:Creating package descriptor '/home/wzb/ros2ws/orbbec_ws/install/orbbec_camera/share/orbbec_camera/package.dsv'
[0.612s] INFO:colcon.colcon_core.shell:Creating package script '/home/wzb/ros2ws/orbbec_ws/install/orbbec_camera/share/orbbec_camera/package.sh'
[0.612s] INFO:colcon.colcon_core.shell:Creating package script '/home/wzb/ros2ws/orbbec_ws/install/orbbec_camera/share/orbbec_camera/package.bash'
[0.612s] INFO:colcon.colcon_core.shell:Creating package script '/home/wzb/ros2ws/orbbec_ws/install/orbbec_camera/share/orbbec_camera/package.zsh'
[0.612s] Level 1:colcon.colcon_core.environment:create_file_with_runtime_dependencies(/home/wzb/ros2ws/orbbec_ws/install/orbbec_camera/share/colcon-core/packages/orbbec_camera)
[0.612s] DEBUG:colcon.colcon_parallel_executor.executor.parallel:closing loop
[0.613s] DEBUG:colcon.colcon_parallel_executor.executor.parallel:loop closed
[0.613s] DEBUG:colcon.colcon_parallel_executor.executor.parallel:run_until_complete finished with '0'
[0.613s] DEBUG:colcon.colcon_core.event_reactor:joining thread
[0.616s] INFO:colcon.colcon_core.plugin_system:Skipping extension 'colcon_notification.desktop_notification.terminal_notifier': Not used on non-Darwin systems
[0.616s] INFO:colcon.colcon_core.plugin_system:Skipping extension 'colcon_notification.desktop_notification.win32': Not used on non-Windows systems
[0.616s] INFO:colcon.colcon_notification.desktop_notification:Sending desktop notification using 'notify2'
[0.622s] DEBUG:colcon.colcon_core.event_reactor:joined thread
[0.622s] INFO:colcon.colcon_core.shell:Creating prefix script '/home/wzb/ros2ws/orbbec_ws/install/local_setup.ps1'
[0.623s] INFO:colcon.colcon_core.shell:Creating prefix util module '/home/wzb/ros2ws/orbbec_ws/install/_local_setup_util_ps1.py'
[0.623s] INFO:colcon.colcon_core.shell:Creating prefix chain script '/home/wzb/ros2ws/orbbec_ws/install/setup.ps1'
[0.625s] INFO:colcon.colcon_core.shell:Creating prefix script '/home/wzb/ros2ws/orbbec_ws/install/local_setup.sh'
[0.625s] INFO:colcon.colcon_core.shell:Creating prefix util module '/home/wzb/ros2ws/orbbec_ws/install/_local_setup_util_sh.py'
[0.625s] INFO:colcon.colcon_core.shell:Creating prefix chain script '/home/wzb/ros2ws/orbbec_ws/install/setup.sh'
[0.626s] INFO:colcon.colcon_core.shell:Creating prefix script '/home/wzb/ros2ws/orbbec_ws/install/local_setup.bash'
[0.627s] INFO:colcon.colcon_core.shell:Creating prefix chain script '/home/wzb/ros2ws/orbbec_ws/install/setup.bash'
[0.628s] INFO:colcon.colcon_core.shell:Creating prefix script '/home/wzb/ros2ws/orbbec_ws/install/local_setup.zsh'
[0.629s] INFO:colcon.colcon_core.shell:Creating prefix chain script '/home/wzb/ros2ws/orbbec_ws/install/setup.zsh'
